<?xml version="1.0" encoding="UTF-8"?>
<coverage generated="1728029714655" clover="3.2.0">
  <project timestamp="1728029714656" name="All files">
    <metrics statements="307" coveredstatements="285" conditionals="151" coveredconditionals="115" methods="92" coveredmethods="89" elements="550" coveredelements="489" complexity="0" loc="307" ncloc="307" packages="16" files="18" classes="18"/>
    <package name="src">
      <metrics statements="9" coveredstatements="9" conditionals="0" coveredconditionals="0" methods="1" coveredmethods="1"/>
      <file name="App.tsx" path="/Users/emanuel.christo/Desktop/chat-app/src/App.tsx">
        <metrics statements="9" coveredstatements="9" conditionals="0" coveredconditionals="0" methods="1" coveredmethods="1"/>
        <line num="1" count="1" type="stmt"/>
        <line num="2" count="1" type="stmt"/>
        <line num="3" count="1" type="stmt"/>
        <line num="4" count="1" type="stmt"/>
        <line num="5" count="1" type="stmt"/>
        <line num="6" count="1" type="stmt"/>
        <line num="7" count="1" type="stmt"/>
        <line num="9" count="1" type="stmt"/>
        <line num="10" count="15" type="stmt"/>
      </file>
    </package>
    <package name="src.components.ChatItem">
      <metrics statements="28" coveredstatements="15" conditionals="32" coveredconditionals="20" methods="6" coveredmethods="4"/>
      <file name="index.tsx" path="/Users/emanuel.christo/Desktop/chat-app/src/components/ChatItem/index.tsx">
        <metrics statements="28" coveredstatements="15" conditionals="32" coveredconditionals="20" methods="6" coveredmethods="4"/>
        <line num="1" count="1" type="stmt"/>
        <line num="2" count="1" type="stmt"/>
        <line num="3" count="1" type="stmt"/>
        <line num="5" count="1" type="stmt"/>
        <line num="20" count="1" type="stmt"/>
        <line num="22" count="30" type="cond" truecount="1" falsecount="0"/>
        <line num="24" count="30" type="stmt"/>
        <line num="25" count="30" type="stmt"/>
        <line num="26" count="30" type="stmt"/>
        <line num="27" count="30" type="stmt"/>
        <line num="29" count="30" type="stmt"/>
        <line num="30" count="18" type="cond" truecount="2" falsecount="3"/>
        <line num="32" count="0" type="stmt"/>
        <line num="33" count="0" type="cond" truecount="0" falsecount="1"/>
        <line num="34" count="0" type="stmt"/>
        <line num="35" count="0" type="stmt"/>
        <line num="38" count="0" type="stmt"/>
        <line num="39" count="0" type="stmt"/>
        <line num="41" count="0" type="stmt"/>
        <line num="43" count="0" type="cond" truecount="0" falsecount="2"/>
        <line num="44" count="0" type="stmt"/>
        <line num="45" count="0" type="stmt"/>
        <line num="46" count="0" type="cond" truecount="0" falsecount="2"/>
        <line num="50" count="12" type="stmt"/>
        <line num="53" count="30" type="stmt"/>
        <line num="57" count="1" type="stmt"/>
        <line num="80" count="0" type="stmt"/>
        <line num="81" count="0" type="stmt"/>
      </file>
    </package>
    <package name="src.components.ChatsPane">
      <metrics statements="27" coveredstatements="27" conditionals="21" coveredconditionals="21" methods="12" coveredmethods="12"/>
      <file name="index.tsx" path="/Users/emanuel.christo/Desktop/chat-app/src/components/ChatsPane/index.tsx">
        <metrics statements="27" coveredstatements="27" conditionals="21" coveredconditionals="21" methods="12" coveredmethods="12"/>
        <line num="3" count="1" type="stmt"/>
        <line num="4" count="1" type="stmt"/>
        <line num="5" count="1" type="stmt"/>
        <line num="7" count="1" type="stmt"/>
        <line num="8" count="1" type="stmt"/>
        <line num="9" count="1" type="stmt"/>
        <line num="11" count="1" type="stmt"/>
        <line num="13" count="1" type="stmt"/>
        <line num="14" count="79" type="stmt"/>
        <line num="15" count="79" type="stmt"/>
        <line num="17" count="79" type="stmt"/>
        <line num="18" count="79" type="stmt"/>
        <line num="20" count="79" type="stmt"/>
        <line num="21" count="40" type="stmt"/>
        <line num="24" count="79" type="stmt"/>
        <line num="25" count="41" type="cond" truecount="1" falsecount="0"/>
        <line num="27" count="8" type="stmt"/>
        <line num="28" count="16" type="stmt"/>
        <line num="32" count="79" type="stmt"/>
        <line num="33" count="1" type="stmt"/>
        <line num="37" count="79" type="stmt"/>
        <line num="48" count="2" type="stmt"/>
        <line num="55" count="16" type="stmt"/>
        <line num="63" count="55" type="stmt"/>
        <line num="64" count="55" type="stmt"/>
        <line num="65" count="55" type="cond" truecount="2" falsecount="0"/>
        <line num="66" count="55" type="stmt"/>
      </file>
    </package>
    <package name="src.components.CreateChatDialog">
      <metrics statements="17" coveredstatements="17" conditionals="2" coveredconditionals="2" methods="6" coveredmethods="6"/>
      <file name="index.tsx" path="/Users/emanuel.christo/Desktop/chat-app/src/components/CreateChatDialog/index.tsx">
        <metrics statements="17" coveredstatements="17" conditionals="2" coveredconditionals="2" methods="6" coveredmethods="6"/>
        <line num="1" count="1" type="stmt"/>
        <line num="2" count="1" type="stmt"/>
        <line num="4" count="1" type="stmt"/>
        <line num="6" count="1" type="stmt"/>
        <line num="8" count="1" type="stmt"/>
        <line num="9" count="291" type="stmt"/>
        <line num="10" count="291" type="stmt"/>
        <line num="11" count="291" type="stmt"/>
        <line num="13" count="291" type="stmt"/>
        <line num="14" count="47" type="cond" truecount="1" falsecount="0"/>
        <line num="15" count="31" type="stmt"/>
        <line num="20" count="1" type="stmt"/>
        <line num="24" count="15" type="stmt"/>
        <line num="27" count="291" type="stmt"/>
        <line num="45" count="204" type="cond" truecount="1" falsecount="0"/>
        <line num="46" count="12" type="stmt"/>
        <line num="49" count="192" type="stmt"/>
      </file>
    </package>
    <package name="src.components.DeleteChatDialog">
      <metrics statements="8" coveredstatements="8" conditionals="0" coveredconditionals="0" methods="3" coveredmethods="3"/>
      <file name="index.tsx" path="/Users/emanuel.christo/Desktop/chat-app/src/components/DeleteChatDialog/index.tsx">
        <metrics statements="8" coveredstatements="8" conditionals="0" coveredconditionals="0" methods="3" coveredmethods="3"/>
        <line num="1" count="1" type="stmt"/>
        <line num="3" count="1" type="stmt"/>
        <line num="5" count="1" type="stmt"/>
        <line num="6" count="69" type="stmt"/>
        <line num="7" count="69" type="stmt"/>
        <line num="9" count="69" type="stmt"/>
        <line num="16" count="1" type="stmt"/>
        <line num="17" count="1" type="stmt"/>
      </file>
    </package>
    <package name="src.components.DeleteMessageDialog">
      <metrics statements="8" coveredstatements="8" conditionals="0" coveredconditionals="0" methods="3" coveredmethods="3"/>
      <file name="index.tsx" path="/Users/emanuel.christo/Desktop/chat-app/src/components/DeleteMessageDialog/index.tsx">
        <metrics statements="8" coveredstatements="8" conditionals="0" coveredconditionals="0" methods="3" coveredmethods="3"/>
        <line num="1" count="1" type="stmt"/>
        <line num="3" count="1" type="stmt"/>
        <line num="5" count="1" type="stmt"/>
        <line num="6" count="69" type="stmt"/>
        <line num="7" count="69" type="stmt"/>
        <line num="9" count="69" type="stmt"/>
        <line num="17" count="1" type="stmt"/>
        <line num="20" count="1" type="stmt"/>
      </file>
    </package>
    <package name="src.components.EditMessageDialog">
      <metrics statements="17" coveredstatements="17" conditionals="2" coveredconditionals="2" methods="6" coveredmethods="6"/>
      <file name="index.tsx" path="/Users/emanuel.christo/Desktop/chat-app/src/components/EditMessageDialog/index.tsx">
        <metrics statements="17" coveredstatements="17" conditionals="2" coveredconditionals="2" methods="6" coveredmethods="6"/>
        <line num="3" count="1" type="stmt"/>
        <line num="4" count="1" type="stmt"/>
        <line num="6" count="1" type="stmt"/>
        <line num="8" count="1" type="stmt"/>
        <line num="10" count="1" type="stmt"/>
        <line num="11" count="108" type="stmt"/>
        <line num="12" count="108" type="stmt"/>
        <line num="13" count="108" type="stmt"/>
        <line num="15" count="108" type="stmt"/>
        <line num="16" count="28" type="cond" truecount="2" falsecount="0"/>
        <line num="17" count="2" type="stmt"/>
        <line num="18" count="2" type="stmt"/>
        <line num="20" count="26" type="stmt"/>
        <line num="24" count="108" type="stmt"/>
        <line num="32" count="1" type="stmt"/>
        <line num="35" count="1" type="stmt"/>
        <line num="42" count="12" type="stmt"/>
      </file>
    </package>
    <package name="src.components.MessageComposer">
      <metrics statements="9" coveredstatements="9" conditionals="1" coveredconditionals="1" methods="3" coveredmethods="3"/>
      <file name="index.tsx" path="/Users/emanuel.christo/Desktop/chat-app/src/components/MessageComposer/index.tsx">
        <metrics statements="9" coveredstatements="9" conditionals="1" coveredconditionals="1" methods="3" coveredmethods="3"/>
        <line num="1" count="2" type="stmt"/>
        <line num="3" count="2" type="stmt"/>
        <line num="5" count="2" type="stmt"/>
        <line num="6" count="554" type="stmt"/>
        <line num="8" count="554" type="stmt"/>
        <line num="10" count="554" type="stmt"/>
        <line num="18" count="505" type="stmt"/>
        <line num="25" count="6" type="cond" truecount="1" falsecount="0"/>
        <line num="26" count="6" type="stmt"/>
      </file>
    </package>
    <package name="src.components.MessageItem">
      <metrics statements="35" coveredstatements="33" conditionals="19" coveredconditionals="14" methods="12" coveredmethods="12"/>
      <file name="index.tsx" path="/Users/emanuel.christo/Desktop/chat-app/src/components/MessageItem/index.tsx">
        <metrics statements="35" coveredstatements="33" conditionals="19" coveredconditionals="14" methods="12" coveredmethods="12"/>
        <line num="3" count="1" type="stmt"/>
        <line num="4" count="1" type="stmt"/>
        <line num="6" count="1" type="stmt"/>
        <line num="17" count="1" type="stmt"/>
        <line num="19" count="1" type="stmt"/>
        <line num="22" count="23" type="stmt"/>
        <line num="24" count="23" type="stmt"/>
        <line num="25" count="2" type="cond" truecount="1" falsecount="1"/>
        <line num="26" count="2" type="stmt"/>
        <line num="28" count="0" type="stmt"/>
        <line num="29" count="0" type="cond" truecount="0" falsecount="2"/>
        <line num="33" count="23" type="stmt"/>
        <line num="34" count="2" type="stmt"/>
        <line num="38" count="23" type="stmt"/>
        <line num="39" count="23" type="stmt"/>
        <line num="40" count="23" type="stmt"/>
        <line num="42" count="23" type="stmt"/>
        <line num="43" count="6" type="stmt"/>
        <line num="44" count="6" type="cond" truecount="2" falsecount="0"/>
        <line num="45" count="1" type="stmt"/>
        <line num="47" count="5" type="stmt"/>
        <line num="52" count="1" type="stmt"/>
        <line num="53" count="1" type="stmt"/>
        <line num="57" count="23" type="stmt"/>
        <line num="60" count="23" type="stmt"/>
        <line num="78" count="2" type="stmt"/>
        <line num="84" count="1" type="cond" truecount="1" falsecount="0"/>
        <line num="85" count="1" type="stmt"/>
        <line num="99" count="1" type="stmt"/>
        <line num="108" count="1" type="stmt"/>
        <line num="109" count="2" type="stmt"/>
        <line num="124" count="1" type="stmt"/>
        <line num="125" count="23" type="stmt"/>
        <line num="127" count="23" type="stmt"/>
        <line num="131" count="115" type="stmt"/>
      </file>
    </package>
    <package name="src.components.MessagesHeader">
      <metrics statements="3" coveredstatements="3" conditionals="4" coveredconditionals="3" methods="1" coveredmethods="1"/>
      <file name="index.tsx" path="/Users/emanuel.christo/Desktop/chat-app/src/components/MessagesHeader/index.tsx">
        <metrics statements="3" coveredstatements="3" conditionals="4" coveredconditionals="3" methods="1" coveredmethods="1"/>
        <line num="1" count="1" type="stmt"/>
        <line num="10" count="1" type="stmt"/>
        <line num="11" count="46" type="stmt"/>
      </file>
    </package>
    <package name="src.components.MessagesPane">
      <metrics statements="32" coveredstatements="32" conditionals="15" coveredconditionals="15" methods="15" coveredmethods="15"/>
      <file name="index.tsx" path="/Users/emanuel.christo/Desktop/chat-app/src/components/MessagesPane/index.tsx">
        <metrics statements="32" coveredstatements="32" conditionals="15" coveredconditionals="15" methods="15" coveredmethods="15"/>
        <line num="3" count="1" type="stmt"/>
        <line num="4" count="1" type="stmt"/>
        <line num="6" count="1" type="stmt"/>
        <line num="7" count="1" type="stmt"/>
        <line num="8" count="2" type="stmt"/>
        <line num="10" count="1" type="stmt"/>
        <line num="12" count="1" type="stmt"/>
        <line num="13" count="94" type="stmt"/>
        <line num="14" count="94" type="stmt"/>
        <line num="16" count="94" type="stmt"/>
        <line num="17" count="94" type="stmt"/>
        <line num="18" count="94" type="cond" truecount="4" falsecount="0"/>
        <line num="20" count="94" type="stmt"/>
        <line num="21" count="41" type="stmt"/>
        <line num="25" count="94" type="stmt"/>
        <line num="26" count="94" type="stmt"/>
        <line num="29" count="94" type="stmt"/>
        <line num="30" count="25" type="cond" truecount="2" falsecount="0"/>
        <line num="31" count="25" type="cond" truecount="2" falsecount="0"/>
        <line num="33" count="25" type="cond" truecount="3" falsecount="0"/>
        <line num="34" count="5" type="stmt"/>
        <line num="37" count="25" type="stmt"/>
        <line num="40" count="94" type="cond" truecount="2" falsecount="0"/>
        <line num="42" count="46" type="stmt"/>
        <line num="48" count="2" type="stmt"/>
        <line num="53" count="22" type="stmt"/>
        <line num="58" count="2" type="stmt"/>
        <line num="60" count="2" type="stmt"/>
        <line num="61" count="2" type="stmt"/>
        <line num="72" count="5" type="stmt"/>
        <line num="77" count="1" type="stmt"/>
        <line num="78" count="48" type="stmt"/>
      </file>
    </package>
    <package name="src.components.ModalDialog">
      <metrics statements="4" coveredstatements="4" conditionals="6" coveredconditionals="4" methods="2" coveredmethods="2"/>
      <file name="index.tsx" path="/Users/emanuel.christo/Desktop/chat-app/src/components/ModalDialog/index.tsx">
        <metrics statements="4" coveredstatements="4" conditionals="6" coveredconditionals="4" methods="2" coveredmethods="2"/>
        <line num="3" count="1" type="stmt"/>
        <line num="16" count="1" type="stmt"/>
        <line num="26" count="500" type="stmt"/>
        <line num="28" count="27" type="stmt"/>
      </file>
    </package>
    <package name="src.components.SearchBox">
      <metrics statements="5" coveredstatements="5" conditionals="0" coveredconditionals="0" methods="3" coveredmethods="3"/>
      <file name="index.tsx" path="/Users/emanuel.christo/Desktop/chat-app/src/components/SearchBox/index.tsx">
        <metrics statements="5" coveredstatements="5" conditionals="0" coveredconditionals="0" methods="3" coveredmethods="3"/>
        <line num="1" count="1" type="stmt"/>
        <line num="3" count="1" type="stmt"/>
        <line num="4" count="79" type="stmt"/>
        <line num="24" count="9" type="stmt"/>
        <line num="32" count="1" type="stmt"/>
      </file>
    </package>
    <package name="src.components.ViewMode">
      <metrics statements="5" coveredstatements="5" conditionals="4" coveredconditionals="4" methods="3" coveredmethods="3"/>
      <file name="index.tsx" path="/Users/emanuel.christo/Desktop/chat-app/src/components/ViewMode/index.tsx">
        <metrics statements="5" coveredstatements="5" conditionals="4" coveredconditionals="4" methods="3" coveredmethods="3"/>
        <line num="3" count="1" type="stmt"/>
        <line num="5" count="1" type="stmt"/>
        <line num="12" count="79" type="stmt"/>
        <line num="16" count="1" type="stmt"/>
        <line num="22" count="1" type="stmt"/>
      </file>
    </package>
    <package name="src.contexts">
      <metrics statements="59" coveredstatements="54" conditionals="34" coveredconditionals="20" methods="11" coveredmethods="10"/>
      <file name="AppStateContext.tsx" path="/Users/emanuel.christo/Desktop/chat-app/src/contexts/AppStateContext.tsx">
        <metrics statements="59" coveredstatements="54" conditionals="34" coveredconditionals="20" methods="11" coveredmethods="10"/>
        <line num="4" count="1" type="stmt"/>
        <line num="5" count="1" type="stmt"/>
        <line num="6" count="1" type="stmt"/>
        <line num="8" count="1" type="stmt"/>
        <line num="9" count="1" type="stmt"/>
        <line num="16" count="1" type="stmt"/>
        <line num="29" count="1" type="stmt"/>
        <line num="30" count="1" type="cond" truecount="0" falsecount="1"/>
        <line num="31" count="0" type="stmt"/>
        <line num="32" count="0" type="cond" truecount="0" falsecount="4"/>
        <line num="33" count="0" type="cond" truecount="0" falsecount="4"/>
        <line num="36" count="1" type="stmt"/>
        <line num="37" count="1" type="stmt"/>
        <line num="39" count="1" type="stmt"/>
        <line num="40" count="69" type="stmt"/>
        <line num="42" count="69" type="stmt"/>
        <line num="49" count="1" type="stmt"/>
        <line num="50" count="710" type="stmt"/>
        <line num="53" count="1" type="stmt"/>
        <line num="54" count="710" type="stmt"/>
        <line num="57" count="1" type="stmt"/>
        <line num="58" count="54" type="cond" truecount="16" falsecount="1"/>
        <line num="60" count="16" type="stmt"/>
        <line num="63" count="1" type="stmt"/>
        <line num="66" count="15" type="cond" truecount="0" falsecount="1"/>
        <line num="68" count="15" type="stmt"/>
        <line num="69" count="15" type="stmt"/>
        <line num="76" count="15" type="stmt"/>
        <line num="82" count="15" type="stmt"/>
        <line num="85" count="2" type="stmt"/>
        <line num="88" count="1" type="stmt"/>
        <line num="91" count="1" type="stmt"/>
        <line num="92" count="1" type="stmt"/>
        <line num="93" count="1" type="cond" truecount="1" falsecount="1"/>
        <line num="94" count="1" type="stmt"/>
        <line num="103" count="2" type="stmt"/>
        <line num="106" count="1" type="stmt"/>
        <line num="109" count="1" type="stmt"/>
        <line num="110" count="1" type="stmt"/>
        <line num="113" count="2" type="stmt"/>
        <line num="116" count="1" type="stmt"/>
        <line num="119" count="1" type="stmt"/>
        <line num="120" count="1" type="stmt"/>
        <line num="121" count="1" type="stmt"/>
        <line num="124" count="2" type="stmt"/>
        <line num="125" count="2" type="stmt"/>
        <line num="126" count="2" type="stmt"/>
        <line num="129" count="2" type="cond" truecount="2" falsecount="0"/>
        <line num="131" count="1" type="cond" truecount="1" falsecount="1"/>
        <line num="132" count="1" type="stmt"/>
        <line num="135" count="0" type="stmt"/>
        <line num="139" count="1" type="stmt"/>
        <line num="142" count="2" type="stmt"/>
        <line num="145" count="5" type="cond" truecount="0" falsecount="1"/>
        <line num="147" count="5" type="stmt"/>
        <line num="157" count="5" type="stmt"/>
        <line num="160" count="1" type="stmt"/>
        <line num="163" count="2" type="stmt"/>
        <line num="166" count="0" type="stmt"/>
      </file>
    </package>
    <package name="src.utils">
      <metrics statements="41" coveredstatements="39" conditionals="11" coveredconditionals="9" methods="5" coveredmethods="5"/>
      <file name="avatar.tsx" path="/Users/emanuel.christo/Desktop/chat-app/src/utils/avatar.tsx">
        <metrics statements="7" coveredstatements="7" conditionals="0" coveredconditionals="0" methods="1" coveredmethods="1"/>
        <line num="1" count="1" type="stmt"/>
        <line num="2" count="16" type="stmt"/>
        <line num="4" count="16" type="stmt"/>
        <line num="5" count="16" type="stmt"/>
        <line num="6" count="356" type="stmt"/>
        <line num="9" count="16" type="stmt"/>
        <line num="11" count="16" type="stmt"/>
      </file>
      <file name="format-date.tsx" path="/Users/emanuel.christo/Desktop/chat-app/src/utils/format-date.tsx">
        <metrics statements="26" coveredstatements="24" conditionals="10" coveredconditionals="8" methods="3" coveredmethods="3"/>
        <line num="2" count="31" type="stmt"/>
        <line num="3" count="31" type="stmt"/>
        <line num="5" count="31" type="stmt"/>
        <line num="6" count="31" type="stmt"/>
        <line num="7" count="31" type="stmt"/>
        <line num="8" count="31" type="stmt"/>
        <line num="10" count="31" type="stmt"/>
        <line num="11" count="31" type="stmt"/>
        <line num="13" count="31" type="stmt"/>
        <line num="16" count="2" type="stmt"/>
        <line num="17" count="8" type="cond" truecount="1" falsecount="0"/>
        <line num="19" count="7" type="stmt"/>
        <line num="21" count="7" type="cond" truecount="2" falsecount="0"/>
        <line num="22" count="6" type="stmt"/>
        <line num="23" count="1" type="cond" truecount="1" falsecount="1"/>
        <line num="24" count="1" type="stmt"/>
        <line num="26" count="0" type="stmt"/>
        <line num="30" count="2" type="stmt"/>
        <line num="31" count="25" type="cond" truecount="1" falsecount="0"/>
        <line num="33" count="24" type="stmt"/>
        <line num="36" count="24" type="cond" truecount="2" falsecount="0"/>
        <line num="37" count="23" type="stmt"/>
        <line num="38" count="1" type="cond" truecount="1" falsecount="1"/>
        <line num="39" count="1" type="stmt"/>
        <line num="41" count="0" type="stmt"/>
        <line num="43" count="24" type="stmt"/>
      </file>
      <file name="rand-string.tsx" path="/Users/emanuel.christo/Desktop/chat-app/src/utils/rand-string.tsx">
        <metrics statements="8" coveredstatements="8" conditionals="1" coveredconditionals="1" methods="1" coveredmethods="1"/>
        <line num="1" count="1" type="cond" truecount="1" falsecount="0"/>
        <line num="2" count="35" type="stmt"/>
        <line num="3" count="35" type="stmt"/>
        <line num="4" count="35" type="stmt"/>
        <line num="5" count="35" type="stmt"/>
        <line num="6" count="350" type="stmt"/>
        <line num="7" count="350" type="stmt"/>
        <line num="9" count="35" type="stmt"/>
      </file>
    </package>
  </project>
</coverage>
