<?xml version="1.0" encoding="UTF-8"?>
<coverage generated="1728027264235" clover="3.2.0">
  <project timestamp="1728027264235" name="All files">
    <metrics statements="306" coveredstatements="271" conditionals="151" coveredconditionals="113" methods="92" coveredmethods="80" elements="549" coveredelements="464" complexity="0" loc="306" ncloc="306" packages="16" files="18" classes="18"/>
    <package name="src">
      <metrics statements="9" coveredstatements="9" conditionals="0" coveredconditionals="0" methods="1" coveredmethods="1"/>
      <file name="App.tsx" path="/Users/emanuel.christo/Desktop/chat-app/src/App.tsx">
        <metrics statements="9" coveredstatements="9" conditionals="0" coveredconditionals="0" methods="1" coveredmethods="1"/>
        <line num="1" count="1" type="stmt"/>
        <line num="2" count="1" type="stmt"/>
        <line num="3" count="1" type="stmt"/>
        <line num="4" count="1" type="stmt"/>
        <line num="5" count="1" type="stmt"/>
        <line num="6" count="1" type="stmt"/>
        <line num="7" count="1" type="stmt"/>
        <line num="9" count="1" type="stmt"/>
        <line num="10" count="14" type="stmt"/>
      </file>
    </package>
    <package name="src.components.ChatItem">
      <metrics statements="28" coveredstatements="20" conditionals="32" coveredconditionals="25" methods="6" coveredmethods="5"/>
      <file name="index.tsx" path="/Users/emanuel.christo/Desktop/chat-app/src/components/ChatItem/index.tsx">
        <metrics statements="28" coveredstatements="20" conditionals="32" coveredconditionals="25" methods="6" coveredmethods="5"/>
        <line num="1" count="1" type="stmt"/>
        <line num="2" count="1" type="stmt"/>
        <line num="3" count="1" type="stmt"/>
        <line num="5" count="1" type="stmt"/>
        <line num="20" count="1" type="stmt"/>
        <line num="22" count="28" type="cond" truecount="1" falsecount="0"/>
        <line num="24" count="28" type="stmt"/>
        <line num="25" count="28" type="stmt"/>
        <line num="26" count="28" type="stmt"/>
        <line num="27" count="28" type="stmt"/>
        <line num="29" count="28" type="stmt"/>
        <line num="30" count="19" type="cond" truecount="5" falsecount="0"/>
        <line num="32" count="1" type="stmt"/>
        <line num="33" count="1" type="cond" truecount="1" falsecount="0"/>
        <line num="34" count="1" type="stmt"/>
        <line num="35" count="1" type="stmt"/>
        <line num="38" count="0" type="stmt"/>
        <line num="39" count="0" type="stmt"/>
        <line num="41" count="0" type="stmt"/>
        <line num="43" count="0" type="cond" truecount="0" falsecount="2"/>
        <line num="44" count="0" type="stmt"/>
        <line num="45" count="0" type="stmt"/>
        <line num="46" count="0" type="cond" truecount="0" falsecount="2"/>
        <line num="50" count="12" type="stmt"/>
        <line num="53" count="28" type="stmt"/>
        <line num="57" count="1" type="stmt"/>
        <line num="80" count="1" type="stmt"/>
        <line num="81" count="0" type="stmt"/>
      </file>
    </package>
    <package name="src.components.ChatsPane">
      <metrics statements="27" coveredstatements="27" conditionals="21" coveredconditionals="21" methods="12" coveredmethods="12"/>
      <file name="index.tsx" path="/Users/emanuel.christo/Desktop/chat-app/src/components/ChatsPane/index.tsx">
        <metrics statements="27" coveredstatements="27" conditionals="21" coveredconditionals="21" methods="12" coveredmethods="12"/>
        <line num="3" count="1" type="stmt"/>
        <line num="4" count="1" type="stmt"/>
        <line num="5" count="1" type="stmt"/>
        <line num="7" count="1" type="stmt"/>
        <line num="8" count="1" type="stmt"/>
        <line num="9" count="1" type="stmt"/>
        <line num="11" count="1" type="stmt"/>
        <line num="13" count="1" type="stmt"/>
        <line num="14" count="67" type="stmt"/>
        <line num="15" count="67" type="stmt"/>
        <line num="17" count="67" type="stmt"/>
        <line num="18" count="67" type="stmt"/>
        <line num="20" count="67" type="stmt"/>
        <line num="21" count="35" type="stmt"/>
        <line num="24" count="67" type="stmt"/>
        <line num="25" count="39" type="cond" truecount="1" falsecount="0"/>
        <line num="27" count="8" type="stmt"/>
        <line num="28" count="16" type="stmt"/>
        <line num="32" count="67" type="stmt"/>
        <line num="33" count="1" type="stmt"/>
        <line num="37" count="67" type="stmt"/>
        <line num="48" count="2" type="stmt"/>
        <line num="55" count="15" type="stmt"/>
        <line num="63" count="45" type="stmt"/>
        <line num="64" count="45" type="stmt"/>
        <line num="65" count="45" type="cond" truecount="2" falsecount="0"/>
        <line num="66" count="45" type="stmt"/>
      </file>
    </package>
    <package name="src.components.CreateChatDialog">
      <metrics statements="17" coveredstatements="17" conditionals="2" coveredconditionals="2" methods="6" coveredmethods="6"/>
      <file name="index.tsx" path="/Users/emanuel.christo/Desktop/chat-app/src/components/CreateChatDialog/index.tsx">
        <metrics statements="17" coveredstatements="17" conditionals="2" coveredconditionals="2" methods="6" coveredmethods="6"/>
        <line num="1" count="1" type="stmt"/>
        <line num="2" count="1" type="stmt"/>
        <line num="4" count="1" type="stmt"/>
        <line num="6" count="1" type="stmt"/>
        <line num="8" count="1" type="stmt"/>
        <line num="9" count="265" type="stmt"/>
        <line num="10" count="265" type="stmt"/>
        <line num="11" count="265" type="stmt"/>
        <line num="13" count="265" type="stmt"/>
        <line num="14" count="44" type="cond" truecount="1" falsecount="0"/>
        <line num="15" count="29" type="stmt"/>
        <line num="20" count="1" type="stmt"/>
        <line num="24" count="14" type="stmt"/>
        <line num="27" count="265" type="stmt"/>
        <line num="45" count="191" type="cond" truecount="1" falsecount="0"/>
        <line num="46" count="11" type="stmt"/>
        <line num="49" count="180" type="stmt"/>
      </file>
    </package>
    <package name="src.components.DeleteChatDialog">
      <metrics statements="8" coveredstatements="8" conditionals="0" coveredconditionals="0" methods="3" coveredmethods="3"/>
      <file name="index.tsx" path="/Users/emanuel.christo/Desktop/chat-app/src/components/DeleteChatDialog/index.tsx">
        <metrics statements="8" coveredstatements="8" conditionals="0" coveredconditionals="0" methods="3" coveredmethods="3"/>
        <line num="1" count="1" type="stmt"/>
        <line num="3" count="1" type="stmt"/>
        <line num="5" count="1" type="stmt"/>
        <line num="6" count="57" type="stmt"/>
        <line num="7" count="57" type="stmt"/>
        <line num="9" count="57" type="stmt"/>
        <line num="16" count="1" type="stmt"/>
        <line num="17" count="1" type="stmt"/>
      </file>
    </package>
    <package name="src.components.DeleteMessageDialog">
      <metrics statements="8" coveredstatements="6" conditionals="0" coveredconditionals="0" methods="3" coveredmethods="1"/>
      <file name="index.tsx" path="/Users/emanuel.christo/Desktop/chat-app/src/components/DeleteMessageDialog/index.tsx">
        <metrics statements="8" coveredstatements="6" conditionals="0" coveredconditionals="0" methods="3" coveredmethods="1"/>
        <line num="1" count="1" type="stmt"/>
        <line num="3" count="1" type="stmt"/>
        <line num="5" count="1" type="stmt"/>
        <line num="6" count="57" type="stmt"/>
        <line num="7" count="57" type="stmt"/>
        <line num="9" count="57" type="stmt"/>
        <line num="17" count="0" type="stmt"/>
        <line num="20" count="0" type="stmt"/>
      </file>
    </package>
    <package name="src.components.EditMessageDialog">
      <metrics statements="17" coveredstatements="12" conditionals="2" coveredconditionals="1" methods="6" coveredmethods="2"/>
      <file name="index.tsx" path="/Users/emanuel.christo/Desktop/chat-app/src/components/EditMessageDialog/index.tsx">
        <metrics statements="17" coveredstatements="12" conditionals="2" coveredconditionals="1" methods="6" coveredmethods="2"/>
        <line num="3" count="1" type="stmt"/>
        <line num="4" count="1" type="stmt"/>
        <line num="6" count="1" type="stmt"/>
        <line num="8" count="1" type="stmt"/>
        <line num="10" count="1" type="stmt"/>
        <line num="11" count="77" type="stmt"/>
        <line num="12" count="77" type="stmt"/>
        <line num="13" count="77" type="stmt"/>
        <line num="15" count="77" type="stmt"/>
        <line num="16" count="21" type="cond" truecount="1" falsecount="1"/>
        <line num="17" count="0" type="stmt"/>
        <line num="18" count="0" type="stmt"/>
        <line num="20" count="21" type="stmt"/>
        <line num="24" count="77" type="stmt"/>
        <line num="32" count="0" type="stmt"/>
        <line num="35" count="0" type="stmt"/>
        <line num="41" count="0" type="stmt"/>
      </file>
    </package>
    <package name="src.components.MessageComposer">
      <metrics statements="9" coveredstatements="9" conditionals="1" coveredconditionals="1" methods="3" coveredmethods="3"/>
      <file name="index.tsx" path="/Users/emanuel.christo/Desktop/chat-app/src/components/MessageComposer/index.tsx">
        <metrics statements="9" coveredstatements="9" conditionals="1" coveredconditionals="1" methods="3" coveredmethods="3"/>
        <line num="1" count="2" type="stmt"/>
        <line num="3" count="2" type="stmt"/>
        <line num="5" count="2" type="stmt"/>
        <line num="6" count="962" type="stmt"/>
        <line num="8" count="962" type="stmt"/>
        <line num="10" count="962" type="stmt"/>
        <line num="18" count="926" type="stmt"/>
        <line num="25" count="5" type="cond" truecount="1" falsecount="0"/>
        <line num="26" count="5" type="stmt"/>
      </file>
    </package>
    <package name="src.components.MessageItem">
      <metrics statements="34" coveredstatements="32" conditionals="19" coveredconditionals="14" methods="12" coveredmethods="12"/>
      <file name="index.tsx" path="/Users/emanuel.christo/Desktop/chat-app/src/components/MessageItem/index.tsx">
        <metrics statements="34" coveredstatements="32" conditionals="19" coveredconditionals="14" methods="12" coveredmethods="12"/>
        <line num="3" count="1" type="stmt"/>
        <line num="4" count="1" type="stmt"/>
        <line num="6" count="1" type="stmt"/>
        <line num="17" count="1" type="stmt"/>
        <line num="19" count="1" type="stmt"/>
        <line num="22" count="13" type="stmt"/>
        <line num="24" count="13" type="stmt"/>
        <line num="25" count="2" type="cond" truecount="1" falsecount="1"/>
        <line num="26" count="2" type="stmt"/>
        <line num="28" count="0" type="stmt"/>
        <line num="29" count="0" type="cond" truecount="0" falsecount="2"/>
        <line num="33" count="13" type="stmt"/>
        <line num="34" count="2" type="stmt"/>
        <line num="38" count="13" type="stmt"/>
        <line num="39" count="13" type="stmt"/>
        <line num="40" count="13" type="stmt"/>
        <line num="42" count="13" type="stmt"/>
        <line num="43" count="6" type="cond" truecount="2" falsecount="0"/>
        <line num="44" count="2" type="stmt"/>
        <line num="46" count="4" type="stmt"/>
        <line num="51" count="1" type="stmt"/>
        <line num="52" count="1" type="stmt"/>
        <line num="56" count="13" type="stmt"/>
        <line num="59" count="13" type="stmt"/>
        <line num="77" count="2" type="stmt"/>
        <line num="83" count="1" type="cond" truecount="1" falsecount="0"/>
        <line num="84" count="1" type="stmt"/>
        <line num="98" count="1" type="stmt"/>
        <line num="107" count="1" type="stmt"/>
        <line num="108" count="2" type="stmt"/>
        <line num="123" count="1" type="stmt"/>
        <line num="124" count="13" type="stmt"/>
        <line num="126" count="13" type="stmt"/>
        <line num="130" count="65" type="stmt"/>
      </file>
    </package>
    <package name="src.components.MessagesHeader">
      <metrics statements="3" coveredstatements="3" conditionals="4" coveredconditionals="3" methods="1" coveredmethods="1"/>
      <file name="index.tsx" path="/Users/emanuel.christo/Desktop/chat-app/src/components/MessagesHeader/index.tsx">
        <metrics statements="3" coveredstatements="3" conditionals="4" coveredconditionals="3" methods="1" coveredmethods="1"/>
        <line num="1" count="1" type="stmt"/>
        <line num="10" count="1" type="stmt"/>
        <line num="11" count="33" type="stmt"/>
      </file>
    </package>
    <package name="src.components.MessagesPane">
      <metrics statements="32" coveredstatements="30" conditionals="15" coveredconditionals="15" methods="15" coveredmethods="13"/>
      <file name="index.tsx" path="/Users/emanuel.christo/Desktop/chat-app/src/components/MessagesPane/index.tsx">
        <metrics statements="32" coveredstatements="30" conditionals="15" coveredconditionals="15" methods="15" coveredmethods="13"/>
        <line num="3" count="1" type="stmt"/>
        <line num="4" count="1" type="stmt"/>
        <line num="6" count="1" type="stmt"/>
        <line num="7" count="1" type="stmt"/>
        <line num="8" count="2" type="stmt"/>
        <line num="10" count="1" type="stmt"/>
        <line num="12" count="1" type="stmt"/>
        <line num="13" count="78" type="stmt"/>
        <line num="14" count="78" type="stmt"/>
        <line num="16" count="78" type="stmt"/>
        <line num="17" count="78" type="stmt"/>
        <line num="18" count="78" type="cond" truecount="4" falsecount="0"/>
        <line num="20" count="78" type="stmt"/>
        <line num="21" count="36" type="stmt"/>
        <line num="25" count="78" type="stmt"/>
        <line num="26" count="78" type="stmt"/>
        <line num="29" count="78" type="stmt"/>
        <line num="30" count="21" type="cond" truecount="2" falsecount="0"/>
        <line num="31" count="21" type="cond" truecount="2" falsecount="0"/>
        <line num="33" count="21" type="cond" truecount="3" falsecount="0"/>
        <line num="34" count="4" type="stmt"/>
        <line num="37" count="21" type="stmt"/>
        <line num="40" count="78" type="cond" truecount="2" falsecount="0"/>
        <line num="42" count="33" type="stmt"/>
        <line num="48" count="2" type="stmt"/>
        <line num="53" count="12" type="stmt"/>
        <line num="58" count="2" type="stmt"/>
        <line num="60" count="0" type="stmt"/>
        <line num="61" count="0" type="stmt"/>
        <line num="72" count="4" type="stmt"/>
        <line num="77" count="1" type="stmt"/>
        <line num="78" count="45" type="stmt"/>
      </file>
    </package>
    <package name="src.components.ModalDialog">
      <metrics statements="4" coveredstatements="4" conditionals="6" coveredconditionals="4" methods="2" coveredmethods="2"/>
      <file name="index.tsx" path="/Users/emanuel.christo/Desktop/chat-app/src/components/ModalDialog/index.tsx">
        <metrics statements="4" coveredstatements="4" conditionals="6" coveredconditionals="4" methods="2" coveredmethods="2"/>
        <line num="3" count="1" type="stmt"/>
        <line num="16" count="1" type="stmt"/>
        <line num="26" count="423" type="stmt"/>
        <line num="28" count="21" type="stmt"/>
      </file>
    </package>
    <package name="src.components.SearchBox">
      <metrics statements="5" coveredstatements="5" conditionals="0" coveredconditionals="0" methods="3" coveredmethods="3"/>
      <file name="index.tsx" path="/Users/emanuel.christo/Desktop/chat-app/src/components/SearchBox/index.tsx">
        <metrics statements="5" coveredstatements="5" conditionals="0" coveredconditionals="0" methods="3" coveredmethods="3"/>
        <line num="1" count="1" type="stmt"/>
        <line num="3" count="1" type="stmt"/>
        <line num="4" count="67" type="stmt"/>
        <line num="24" count="9" type="stmt"/>
        <line num="32" count="1" type="stmt"/>
      </file>
    </package>
    <package name="src.components.ViewMode">
      <metrics statements="5" coveredstatements="5" conditionals="4" coveredconditionals="4" methods="3" coveredmethods="3"/>
      <file name="index.tsx" path="/Users/emanuel.christo/Desktop/chat-app/src/components/ViewMode/index.tsx">
        <metrics statements="5" coveredstatements="5" conditionals="4" coveredconditionals="4" methods="3" coveredmethods="3"/>
        <line num="3" count="1" type="stmt"/>
        <line num="5" count="1" type="stmt"/>
        <line num="12" count="67" type="stmt"/>
        <line num="16" count="1" type="stmt"/>
        <line num="22" count="1" type="stmt"/>
      </file>
    </package>
    <package name="src.contexts">
      <metrics statements="59" coveredstatements="45" conditionals="34" coveredconditionals="14" methods="11" coveredmethods="8"/>
      <file name="AppStateContext.tsx" path="/Users/emanuel.christo/Desktop/chat-app/src/contexts/AppStateContext.tsx">
        <metrics statements="59" coveredstatements="45" conditionals="34" coveredconditionals="14" methods="11" coveredmethods="8"/>
        <line num="4" count="1" type="stmt"/>
        <line num="5" count="1" type="stmt"/>
        <line num="6" count="1" type="stmt"/>
        <line num="8" count="1" type="stmt"/>
        <line num="9" count="1" type="stmt"/>
        <line num="16" count="1" type="stmt"/>
        <line num="29" count="1" type="stmt"/>
        <line num="30" count="1" type="cond" truecount="0" falsecount="1"/>
        <line num="31" count="0" type="stmt"/>
        <line num="32" count="0" type="cond" truecount="0" falsecount="4"/>
        <line num="33" count="0" type="cond" truecount="0" falsecount="4"/>
        <line num="36" count="1" type="stmt"/>
        <line num="37" count="1" type="stmt"/>
        <line num="39" count="1" type="stmt"/>
        <line num="40" count="57" type="stmt"/>
        <line num="42" count="57" type="stmt"/>
        <line num="49" count="1" type="stmt"/>
        <line num="50" count="601" type="stmt"/>
        <line num="53" count="1" type="stmt"/>
        <line num="54" count="601" type="stmt"/>
        <line num="57" count="1" type="stmt"/>
        <line num="58" count="43" type="cond" truecount="10" falsecount="7"/>
        <line num="60" count="15" type="stmt"/>
        <line num="63" count="1" type="stmt"/>
        <line num="66" count="14" type="cond" truecount="0" falsecount="1"/>
        <line num="68" count="14" type="stmt"/>
        <line num="69" count="14" type="stmt"/>
        <line num="76" count="14" type="stmt"/>
        <line num="82" count="14" type="stmt"/>
        <line num="85" count="2" type="stmt"/>
        <line num="88" count="1" type="stmt"/>
        <line num="91" count="1" type="stmt"/>
        <line num="92" count="1" type="stmt"/>
        <line num="93" count="1" type="cond" truecount="1" falsecount="1"/>
        <line num="94" count="1" type="stmt"/>
        <line num="103" count="0" type="stmt"/>
        <line num="106" count="0" type="stmt"/>
        <line num="109" count="0" type="stmt"/>
        <line num="110" count="0" type="stmt"/>
        <line num="113" count="0" type="stmt"/>
        <line num="116" count="0" type="stmt"/>
        <line num="119" count="0" type="stmt"/>
        <line num="120" count="0" type="stmt"/>
        <line num="121" count="0" type="stmt"/>
        <line num="124" count="2" type="stmt"/>
        <line num="125" count="2" type="stmt"/>
        <line num="126" count="2" type="stmt"/>
        <line num="129" count="2" type="cond" truecount="2" falsecount="0"/>
        <line num="131" count="1" type="cond" truecount="1" falsecount="1"/>
        <line num="132" count="1" type="stmt"/>
        <line num="135" count="0" type="stmt"/>
        <line num="139" count="1" type="stmt"/>
        <line num="142" count="2" type="stmt"/>
        <line num="145" count="4" type="cond" truecount="0" falsecount="1"/>
        <line num="147" count="4" type="stmt"/>
        <line num="157" count="4" type="stmt"/>
        <line num="160" count="1" type="stmt"/>
        <line num="163" count="2" type="stmt"/>
        <line num="166" count="0" type="stmt"/>
      </file>
    </package>
    <package name="src.utils">
      <metrics statements="41" coveredstatements="39" conditionals="11" coveredconditionals="9" methods="5" coveredmethods="5"/>
      <file name="avatar.tsx" path="/Users/emanuel.christo/Desktop/chat-app/src/utils/avatar.tsx">
        <metrics statements="7" coveredstatements="7" conditionals="0" coveredconditionals="0" methods="1" coveredmethods="1"/>
        <line num="1" count="1" type="stmt"/>
        <line num="2" count="15" type="stmt"/>
        <line num="4" count="15" type="stmt"/>
        <line num="5" count="15" type="stmt"/>
        <line num="6" count="334" type="stmt"/>
        <line num="9" count="15" type="stmt"/>
        <line num="11" count="15" type="stmt"/>
      </file>
      <file name="format-date.tsx" path="/Users/emanuel.christo/Desktop/chat-app/src/utils/format-date.tsx">
        <metrics statements="26" coveredstatements="24" conditionals="10" coveredconditionals="8" methods="3" coveredmethods="3"/>
        <line num="2" count="21" type="stmt"/>
        <line num="3" count="21" type="stmt"/>
        <line num="5" count="21" type="stmt"/>
        <line num="6" count="21" type="stmt"/>
        <line num="7" count="21" type="stmt"/>
        <line num="8" count="21" type="stmt"/>
        <line num="10" count="21" type="stmt"/>
        <line num="11" count="21" type="stmt"/>
        <line num="13" count="21" type="stmt"/>
        <line num="16" count="2" type="stmt"/>
        <line num="17" count="8" type="cond" truecount="1" falsecount="0"/>
        <line num="19" count="7" type="stmt"/>
        <line num="21" count="7" type="cond" truecount="2" falsecount="0"/>
        <line num="22" count="6" type="stmt"/>
        <line num="23" count="1" type="cond" truecount="1" falsecount="1"/>
        <line num="24" count="1" type="stmt"/>
        <line num="26" count="0" type="stmt"/>
        <line num="30" count="2" type="stmt"/>
        <line num="31" count="15" type="cond" truecount="1" falsecount="0"/>
        <line num="33" count="14" type="stmt"/>
        <line num="36" count="14" type="cond" truecount="2" falsecount="0"/>
        <line num="37" count="13" type="stmt"/>
        <line num="38" count="1" type="cond" truecount="1" falsecount="1"/>
        <line num="39" count="1" type="stmt"/>
        <line num="41" count="0" type="stmt"/>
        <line num="43" count="14" type="stmt"/>
      </file>
      <file name="rand-string.tsx" path="/Users/emanuel.christo/Desktop/chat-app/src/utils/rand-string.tsx">
        <metrics statements="8" coveredstatements="8" conditionals="1" coveredconditionals="1" methods="1" coveredmethods="1"/>
        <line num="1" count="1" type="cond" truecount="1" falsecount="0"/>
        <line num="2" count="32" type="stmt"/>
        <line num="3" count="32" type="stmt"/>
        <line num="4" count="32" type="stmt"/>
        <line num="5" count="32" type="stmt"/>
        <line num="6" count="320" type="stmt"/>
        <line num="7" count="320" type="stmt"/>
        <line num="9" count="32" type="stmt"/>
      </file>
    </package>
  </project>
</coverage>
