{"/Users/emanuel.christo/Desktop/chat-app/src/App.tsx": {"path":"/Users/emanuel.christo/Desktop/chat-app/src/App.tsx","statementMap":{"0":{"start":{"line":1,"column":0},"end":{"line":1,"column":61}},"1":{"start":{"line":2,"column":0},"end":{"line":2,"column":50}},"2":{"start":{"line":3,"column":0},"end":{"line":3,"column":56}},"3":{"start":{"line":4,"column":0},"end":{"line":4,"column":64}},"4":{"start":{"line":5,"column":0},"end":{"line":5,"column":70}},"5":{"start":{"line":6,"column":0},"end":{"line":6,"column":64}},"6":{"start":{"line":7,"column":0},"end":{"line":7,"column":66}},"7":{"start":{"line":10,"column":1},"end":{"line":22,"column":null}},"8":{"start":{"line":9,"column":0},"end":{"line":9,"column":24}}},"fnMap":{"0":{"name":"App","decl":{"start":{"line":9,"column":24},"end":{"line":9,"column":27}},"loc":{"start":{"line":9,"column":27},"end":{"line":23,"column":1}}}},"branchMap":{},"s":{"0":1,"1":1,"2":1,"3":1,"4":1,"5":1,"6":1,"7":14,"8":1},"f":{"0":14},"b":{}}
,"/Users/emanuel.christo/Desktop/chat-app/src/components/ChatItem/index.tsx": {"path":"/Users/emanuel.christo/Desktop/chat-app/src/components/ChatItem/index.tsx","statementMap":{"0":{"start":{"line":1,"column":0},"end":{"line":1,"column":63}},"1":{"start":{"line":2,"column":0},"end":{"line":2,"column":40}},"2":{"start":{"line":3,"column":0},"end":{"line":3,"column":56}},"3":{"start":{"line":5,"column":0},"end":{"line":5,"column":42}},"4":{"start":{"line":20,"column":13},"end":{"line":106,"column":null}},"5":{"start":{"line":22,"column":2},"end":{"line":22,"column":null}},"6":{"start":{"line":22,"column":16},"end":{"line":22,"column":null}},"7":{"start":{"line":24,"column":25},"end":{"line":24,"column":53}},"8":{"start":{"line":25,"column":18},"end":{"line":25,"column":46}},"9":{"start":{"line":26,"column":20},"end":{"line":26,"column":54}},"10":{"start":{"line":27,"column":40},"end":{"line":27,"column":55}},"11":{"start":{"line":29,"column":2},"end":{"line":47,"column":null}},"12":{"start":{"line":30,"column":3},"end":{"line":30,"column":96}},"13":{"start":{"line":30,"column":90},"end":{"line":30,"column":96}},"14":{"start":{"line":32,"column":29},"end":{"line":32,"column":92}},"15":{"start":{"line":33,"column":3},"end":{"line":36,"column":null}},"16":{"start":{"line":34,"column":4},"end":{"line":34,"column":null}},"17":{"start":{"line":35,"column":4},"end":{"line":35,"column":10}},"18":{"start":{"line":38,"column":23},"end":{"line":38,"column":69}},"19":{"start":{"line":39,"column":23},"end":{"line":39,"column":62}},"20":{"start":{"line":41,"column":21},"end":{"line":41,"column":78}},"21":{"start":{"line":43,"column":3},"end":{"line":43,"column":null}},"22":{"start":{"line":44,"column":3},"end":{"line":44,"column":null}},"23":{"start":{"line":45,"column":3},"end":{"line":45,"column":null}},"24":{"start":{"line":46,"column":3},"end":{"line":46,"column":null}},"25":{"start":{"line":50,"column":3},"end":{"line":50,"column":null}},"26":{"start":{"line":53,"column":2},"end":{"line":104,"column":null}},"27":{"start":{"line":57,"column":19},"end":{"line":57,"column":34}},"28":{"start":{"line":80,"column":27},"end":{"line":80,"column":47}},"29":{"start":{"line":81,"column":27},"end":{"line":81,"column":48}}},"fnMap":{"0":{"name":"(anonymous_1)","decl":{"start":{"line":21,"column":1},"end":{"line":21,"column":2}},"loc":{"start":{"line":21,"column":116},"end":{"line":105,"column":2}}},"1":{"name":"(anonymous_2)","decl":{"start":{"line":29,"column":18},"end":{"line":29,"column":21}},"loc":{"start":{"line":29,"column":23},"end":{"line":47,"column":3}}},"2":{"name":"formatPreview","decl":{"start":{"line":49,"column":11},"end":{"line":49,"column":24}},"loc":{"start":{"line":49,"column":37},"end":{"line":51,"column":3}}},"3":{"name":"(anonymous_4)","decl":{"start":{"line":57,"column":13},"end":{"line":57,"column":16}},"loc":{"start":{"line":57,"column":19},"end":{"line":57,"column":34}}},"4":{"name":"(anonymous_5)","decl":{"start":{"line":80,"column":21},"end":{"line":80,"column":24}},"loc":{"start":{"line":80,"column":27},"end":{"line":80,"column":47}}},"5":{"name":"(anonymous_6)","decl":{"start":{"line":81,"column":21},"end":{"line":81,"column":24}},"loc":{"start":{"line":81,"column":27},"end":{"line":81,"column":48}}}},"branchMap":{"0":{"loc":{"start":{"line":22,"column":2},"end":{"line":22,"column":null}},"type":"if","locations":[{"start":{"line":22,"column":2},"end":{"line":22,"column":null}}]},"1":{"loc":{"start":{"line":30,"column":3},"end":{"line":30,"column":96}},"type":"if","locations":[{"start":{"line":30,"column":3},"end":{"line":30,"column":96}}]},"2":{"loc":{"start":{"line":30,"column":7},"end":{"line":30,"column":88}},"type":"binary-expr","locations":[{"start":{"line":30,"column":7},"end":{"line":30,"column":30}},{"start":{"line":30,"column":34},"end":{"line":30,"column":50}},{"start":{"line":30,"column":54},"end":{"line":30,"column":72}},{"start":{"line":30,"column":76},"end":{"line":30,"column":88}}]},"3":{"loc":{"start":{"line":33,"column":3},"end":{"line":36,"column":null}},"type":"if","locations":[{"start":{"line":33,"column":3},"end":{"line":36,"column":null}}]},"4":{"loc":{"start":{"line":43,"column":31},"end":{"line":43,"column":80}},"type":"cond-expr","locations":[{"start":{"line":43,"column":43},"end":{"line":43,"column":50}},{"start":{"line":43,"column":53},"end":{"line":43,"column":80}}]},"5":{"loc":{"start":{"line":46,"column":34},"end":{"line":46,"column":104}},"type":"cond-expr","locations":[{"start":{"line":46,"column":46},"end":{"line":46,"column":94}},{"start":{"line":46,"column":97},"end":{"line":46,"column":104}}]},"6":{"loc":{"start":{"line":55,"column":41},"end":{"line":55,"column":75}},"type":"cond-expr","locations":[{"start":{"line":55,"column":52},"end":{"line":55,"column":70}},{"start":{"line":55,"column":73},"end":{"line":55,"column":75}}]},"7":{"loc":{"start":{"line":56,"column":25},"end":{"line":56,"column":74}},"type":"cond-expr","locations":[{"start":{"line":56,"column":51},"end":{"line":56,"column":63}},{"start":{"line":56,"column":66},"end":{"line":56,"column":74}}]},"8":{"loc":{"start":{"line":62,"column":32},"end":{"line":62,"column":88}},"type":"cond-expr","locations":[{"start":{"line":62,"column":43},"end":{"line":62,"column":61}},{"start":{"line":62,"column":64},"end":{"line":62,"column":88}}]},"9":{"loc":{"start":{"line":64,"column":6},"end":{"line":64,"column":65}},"type":"binary-expr","locations":[{"start":{"line":64,"column":6},"end":{"line":64,"column":14}},{"start":{"line":64,"column":18},"end":{"line":64,"column":65}}]},"10":{"loc":{"start":{"line":69,"column":7},"end":{"line":69,"column":100}},"type":"binary-expr","locations":[{"start":{"line":69,"column":7},"end":{"line":69,"column":30}},{"start":{"line":69,"column":34},"end":{"line":69,"column":100}}]},"11":{"loc":{"start":{"line":70,"column":7},"end":{"line":73,"column":null}},"type":"binary-expr","locations":[{"start":{"line":70,"column":7},"end":{"line":70,"column":29}},{"start":{"line":71,"column":7},"end":{"line":72,"column":null}}]},"12":{"loc":{"start":{"line":71,"column":61},"end":{"line":71,"column":99}},"type":"cond-expr","locations":[{"start":{"line":71,"column":79},"end":{"line":71,"column":88}},{"start":{"line":71,"column":91},"end":{"line":71,"column":99}}]},"13":{"loc":{"start":{"line":76,"column":6},"end":{"line":100,"column":null}},"type":"binary-expr","locations":[{"start":{"line":76,"column":6},"end":{"line":76,"column":29}},{"start":{"line":76,"column":33},"end":{"line":76,"column":40}},{"start":{"line":77,"column":6},"end":{"line":99,"column":null}}]},"14":{"loc":{"start":{"line":91,"column":44},"end":{"line":91,"column":88}},"type":"cond-expr","locations":[{"start":{"line":91,"column":58},"end":{"line":91,"column":83}},{"start":{"line":91,"column":86},"end":{"line":91,"column":88}}]},"15":{"loc":{"start":{"line":97,"column":61},"end":{"line":97,"column":99}},"type":"cond-expr","locations":[{"start":{"line":97,"column":79},"end":{"line":97,"column":88}},{"start":{"line":97,"column":91},"end":{"line":97,"column":99}}]}},"s":{"0":1,"1":1,"2":1,"3":1,"4":1,"5":28,"6":22,"7":28,"8":28,"9":28,"10":28,"11":28,"12":19,"13":18,"14":1,"15":1,"16":1,"17":1,"18":0,"19":0,"20":0,"21":0,"22":0,"23":0,"24":0,"25":12,"26":28,"27":1,"28":1,"29":0},"f":{"0":28,"1":19,"2":12,"3":1,"4":1,"5":0},"b":{"0":[22],"1":[18],"2":[19,2,2,2],"3":[1],"4":[0,0],"5":[0,0],"6":[22,6],"7":[6,22],"8":[28,0],"9":[28,28],"10":[28,6],"11":[28,22],"12":[0,22],"13":[28,6,6],"14":[1,5],"15":[0,6]}}
,"/Users/emanuel.christo/Desktop/chat-app/src/components/ChatsPane/index.tsx": {"path":"/Users/emanuel.christo/Desktop/chat-app/src/components/ChatsPane/index.tsx","statementMap":{"0":{"start":{"line":3,"column":0},"end":{"line":3,"column":35}},"1":{"start":{"line":4,"column":0},"end":{"line":4,"column":71}},"2":{"start":{"line":5,"column":0},"end":{"line":5,"column":73}},"3":{"start":{"line":7,"column":0},"end":{"line":7,"column":38}},"4":{"start":{"line":8,"column":0},"end":{"line":8,"column":38}},"5":{"start":{"line":9,"column":0},"end":{"line":9,"column":40}},"6":{"start":{"line":11,"column":0},"end":{"line":11,"column":43}},"7":{"start":{"line":13,"column":13},"end":{"line":100,"column":null}},"8":{"start":{"line":14,"column":68},"end":{"line":14,"column":81}},"9":{"start":{"line":15,"column":23},"end":{"line":15,"column":37}},"10":{"start":{"line":17,"column":18},"end":{"line":17,"column":31}},"11":{"start":{"line":18,"column":43},"end":{"line":18,"column":55}},"12":{"start":{"line":20,"column":1},"end":{"line":22,"column":null}},"13":{"start":{"line":21,"column":2},"end":{"line":21,"column":null}},"14":{"start":{"line":24,"column":23},"end":{"line":30,"column":42}},"15":{"start":{"line":25,"column":2},"end":{"line":25,"column":null}},"16":{"start":{"line":25,"column":22},"end":{"line":25,"column":null}},"17":{"start":{"line":27,"column":2},"end":{"line":29,"column":null}},"18":{"start":{"line":28,"column":25},"end":{"line":28,"column":82}},"19":{"start":{"line":28,"column":50},"end":{"line":28,"column":75}},"20":{"start":{"line":32,"column":26},"end":{"line":34,"column":null}},"21":{"start":{"line":33,"column":22},"end":{"line":33,"column":76}},"22":{"start":{"line":37,"column":1},"end":{"line":99,"column":null}},"23":{"start":{"line":48,"column":32},"end":{"line":48,"column":91}},"24":{"start":{"line":55,"column":78},"end":{"line":55,"column":111}},"25":{"start":{"line":63,"column":23},"end":{"line":63,"column":83}},"26":{"start":{"line":63,"column":49},"end":{"line":63,"column":74}},"27":{"start":{"line":64,"column":26},"end":{"line":64,"column":89}},"28":{"start":{"line":64,"column":65},"end":{"line":64,"column":88}},"29":{"start":{"line":65,"column":26},"end":{"line":65,"column":98}},"30":{"start":{"line":65,"column":52},"end":{"line":65,"column":90}},"31":{"start":{"line":66,"column":6},"end":{"line":80,"column":null}}},"fnMap":{"0":{"name":"(anonymous_1)","decl":{"start":{"line":13,"column":30},"end":{"line":13,"column":33}},"loc":{"start":{"line":13,"column":35},"end":{"line":100,"column":1}}},"1":{"name":"(anonymous_2)","decl":{"start":{"line":20,"column":11},"end":{"line":20,"column":14}},"loc":{"start":{"line":20,"column":16},"end":{"line":22,"column":2}}},"2":{"name":"(anonymous_3)","decl":{"start":{"line":24,"column":31},"end":{"line":24,"column":34}},"loc":{"start":{"line":24,"column":36},"end":{"line":30,"column":2}}},"3":{"name":"(anonymous_4)","decl":{"start":{"line":28,"column":16},"end":{"line":28,"column":17}},"loc":{"start":{"line":28,"column":25},"end":{"line":28,"column":82}}},"4":{"name":"(anonymous_5)","decl":{"start":{"line":28,"column":40},"end":{"line":28,"column":41}},"loc":{"start":{"line":28,"column":50},"end":{"line":28,"column":75}}},"5":{"name":"(anonymous_6)","decl":{"start":{"line":33,"column":2},"end":{"line":33,"column":3}},"loc":{"start":{"line":33,"column":22},"end":{"line":33,"column":76}}},"6":{"name":"(anonymous_7)","decl":{"start":{"line":48,"column":23},"end":{"line":48,"column":24}},"loc":{"start":{"line":48,"column":32},"end":{"line":48,"column":91}}},"7":{"name":"(anonymous_8)","decl":{"start":{"line":55,"column":72},"end":{"line":55,"column":75}},"loc":{"start":{"line":55,"column":78},"end":{"line":55,"column":111}}},"8":{"name":"(anonymous_9)","decl":{"start":{"line":62,"column":24},"end":{"line":62,"column":25}},"loc":{"start":{"line":62,"column":33},"end":{"line":81,"column":6}}},"9":{"name":"(anonymous_10)","decl":{"start":{"line":63,"column":39},"end":{"line":63,"column":40}},"loc":{"start":{"line":63,"column":49},"end":{"line":63,"column":74}}},"10":{"name":"(anonymous_11)","decl":{"start":{"line":64,"column":55},"end":{"line":64,"column":56}},"loc":{"start":{"line":64,"column":65},"end":{"line":64,"column":88}}},"11":{"name":"(anonymous_12)","decl":{"start":{"line":65,"column":42},"end":{"line":65,"column":43}},"loc":{"start":{"line":65,"column":52},"end":{"line":65,"column":90}}}},"branchMap":{"0":{"loc":{"start":{"line":25,"column":2},"end":{"line":25,"column":null}},"type":"if","locations":[{"start":{"line":25,"column":2},"end":{"line":25,"column":null}}]},"1":{"loc":{"start":{"line":60,"column":4},"end":{"line":87,"column":null}},"type":"cond-expr","locations":[{"start":{"line":61,"column":4},"end":{"line":81,"column":null}},{"start":{"line":84,"column":4},"end":{"line":86,"column":null}}]},"2":{"loc":{"start":{"line":65,"column":52},"end":{"line":65,"column":90}},"type":"binary-expr","locations":[{"start":{"line":65,"column":52},"end":{"line":65,"column":75}},{"start":{"line":65,"column":79},"end":{"line":65,"column":90}}]},"3":{"loc":{"start":{"line":72,"column":17},"end":{"line":72,"column":40}},"type":"cond-expr","locations":[{"start":{"line":72,"column":34},"end":{"line":72,"column":38}},{"start":{"line":72,"column":38},"end":{"line":72,"column":40}}]},"4":{"loc":{"start":{"line":72,"column":17},"end":{"line":72,"column":38}},"type":"binary-expr","locations":[{"start":{"line":72,"column":17},"end":{"line":72,"column":38}},{"start":{"line":72,"column":34},"end":{"line":72,"column":38}}]},"5":{"loc":{"start":{"line":72,"column":17},"end":{"line":72,"column":34}},"type":"cond-expr","locations":[{"start":{"line":72,"column":28},"end":{"line":72,"column":30}},{"start":{"line":72,"column":17},"end":{"line":72,"column":34}}]},"6":{"loc":{"start":{"line":72,"column":17},"end":{"line":72,"column":30}},"type":"binary-expr","locations":[{"start":{"line":72,"column":17},"end":{"line":72,"column":30}},{"start":{"line":72,"column":17},"end":{"line":72,"column":30}}]},"7":{"loc":{"start":{"line":73,"column":18},"end":{"line":73,"column":47}},"type":"cond-expr","locations":[{"start":{"line":73,"column":39},"end":{"line":73,"column":43}},{"start":{"line":73,"column":43},"end":{"line":73,"column":47}}]},"8":{"loc":{"start":{"line":73,"column":18},"end":{"line":73,"column":43}},"type":"binary-expr","locations":[{"start":{"line":73,"column":18},"end":{"line":73,"column":43}},{"start":{"line":73,"column":39},"end":{"line":73,"column":43}}]},"9":{"loc":{"start":{"line":73,"column":18},"end":{"line":73,"column":39}},"type":"cond-expr","locations":[{"start":{"line":73,"column":29},"end":{"line":73,"column":31}},{"start":{"line":73,"column":18},"end":{"line":73,"column":39}}]},"10":{"loc":{"start":{"line":73,"column":18},"end":{"line":73,"column":31}},"type":"binary-expr","locations":[{"start":{"line":73,"column":18},"end":{"line":73,"column":31}},{"start":{"line":73,"column":18},"end":{"line":73,"column":31}}]}},"s":{"0":1,"1":1,"2":1,"3":1,"4":1,"5":1,"6":1,"7":1,"8":67,"9":67,"10":67,"11":67,"12":67,"13":35,"14":67,"15":39,"16":31,"17":8,"18":16,"19":16,"20":67,"21":1,"22":67,"23":2,"24":15,"25":45,"26":45,"27":45,"28":6,"29":45,"30":6,"31":45},"f":{"0":67,"1":35,"2":39,"3":16,"4":16,"5":1,"6":2,"7":15,"8":45,"9":45,"10":6,"11":6},"b":{"0":[31],"1":[37,30],"2":[6,6],"3":[6,39],"4":[45,45],"5":[39,6],"6":[45,45],"7":[6,39],"8":[45,45],"9":[39,6],"10":[45,45]}}
,"/Users/emanuel.christo/Desktop/chat-app/src/components/CreateChatDialog/index.tsx": {"path":"/Users/emanuel.christo/Desktop/chat-app/src/components/CreateChatDialog/index.tsx","statementMap":{"0":{"start":{"line":1,"column":0},"end":{"line":1,"column":43}},"1":{"start":{"line":2,"column":0},"end":{"line":2,"column":73}},"2":{"start":{"line":4,"column":0},"end":{"line":4,"column":44}},"3":{"start":{"line":6,"column":0},"end":{"line":6,"column":50}},"4":{"start":{"line":8,"column":32},"end":{"line":53,"column":1}},"5":{"start":{"line":9,"column":18},"end":{"line":9,"column":31}},"6":{"start":{"line":10,"column":28},"end":{"line":10,"column":41}},"7":{"start":{"line":11,"column":33},"end":{"line":11,"column":45}},"8":{"start":{"line":13,"column":1},"end":{"line":17,"column":null}},"9":{"start":{"line":14,"column":2},"end":{"line":16,"column":null}},"10":{"start":{"line":15,"column":3},"end":{"line":15,"column":null}},"11":{"start":{"line":20,"column":2},"end":{"line":20,"column":null}},"12":{"start":{"line":24,"column":2},"end":{"line":24,"column":null}},"13":{"start":{"line":27,"column":1},"end":{"line":52,"column":null}},"14":{"start":{"line":45,"column":5},"end":{"line":47,"column":null}},"15":{"start":{"line":46,"column":6},"end":{"line":46,"column":null}},"16":{"start":{"line":49,"column":21},"end":{"line":49,"column":48}},"17":{"start":{"line":8,"column":13},"end":{"line":8,"column":32}}},"fnMap":{"0":{"name":"(anonymous_1)","decl":{"start":{"line":8,"column":32},"end":{"line":8,"column":35}},"loc":{"start":{"line":8,"column":37},"end":{"line":53,"column":1}}},"1":{"name":"(anonymous_2)","decl":{"start":{"line":13,"column":11},"end":{"line":13,"column":14}},"loc":{"start":{"line":13,"column":16},"end":{"line":17,"column":2}}},"2":{"name":"handleCancel","decl":{"start":{"line":19,"column":10},"end":{"line":19,"column":22}},"loc":{"start":{"line":19,"column":22},"end":{"line":21,"column":2}}},"3":{"name":"handleOk","decl":{"start":{"line":23,"column":10},"end":{"line":23,"column":18}},"loc":{"start":{"line":23,"column":18},"end":{"line":25,"column":2}}},"4":{"name":"(anonymous_5)","decl":{"start":{"line":44,"column":15},"end":{"line":44,"column":16}},"loc":{"start":{"line":44,"column":21},"end":{"line":48,"column":5}}},"5":{"name":"(anonymous_6)","decl":{"start":{"line":49,"column":14},"end":{"line":49,"column":15}},"loc":{"start":{"line":49,"column":21},"end":{"line":49,"column":48}}}},"branchMap":{"0":{"loc":{"start":{"line":14,"column":2},"end":{"line":16,"column":null}},"type":"if","locations":[{"start":{"line":14,"column":2},"end":{"line":16,"column":null}}]},"1":{"loc":{"start":{"line":45,"column":5},"end":{"line":47,"column":null}},"type":"if","locations":[{"start":{"line":45,"column":5},"end":{"line":47,"column":null}}]}},"s":{"0":1,"1":1,"2":1,"3":1,"4":1,"5":265,"6":265,"7":265,"8":265,"9":44,"10":29,"11":1,"12":14,"13":265,"14":191,"15":11,"16":180,"17":1},"f":{"0":265,"1":44,"2":1,"3":14,"4":191,"5":180},"b":{"0":[29],"1":[11]}}
,"/Users/emanuel.christo/Desktop/chat-app/src/components/DeleteChatDialog/index.tsx": {"path":"/Users/emanuel.christo/Desktop/chat-app/src/components/DeleteChatDialog/index.tsx","statementMap":{"0":{"start":{"line":1,"column":0},"end":{"line":1,"column":73}},"1":{"start":{"line":3,"column":0},"end":{"line":3,"column":44}},"2":{"start":{"line":5,"column":32},"end":{"line":22,"column":1}},"3":{"start":{"line":6,"column":28},"end":{"line":6,"column":41}},"4":{"start":{"line":7,"column":18},"end":{"line":7,"column":31}},"5":{"start":{"line":9,"column":1},"end":{"line":21,"column":null}},"6":{"start":{"line":16,"column":19},"end":{"line":16,"column":59}},"7":{"start":{"line":17,"column":15},"end":{"line":17,"column":51}},"8":{"start":{"line":5,"column":13},"end":{"line":5,"column":32}}},"fnMap":{"0":{"name":"(anonymous_0)","decl":{"start":{"line":5,"column":32},"end":{"line":5,"column":35}},"loc":{"start":{"line":5,"column":37},"end":{"line":22,"column":1}}},"1":{"name":"(anonymous_1)","decl":{"start":{"line":16,"column":13},"end":{"line":16,"column":16}},"loc":{"start":{"line":16,"column":19},"end":{"line":16,"column":59}}},"2":{"name":"(anonymous_2)","decl":{"start":{"line":17,"column":9},"end":{"line":17,"column":12}},"loc":{"start":{"line":17,"column":15},"end":{"line":17,"column":51}}}},"branchMap":{},"s":{"0":1,"1":1,"2":1,"3":57,"4":57,"5":57,"6":1,"7":1,"8":1},"f":{"0":57,"1":1,"2":1},"b":{}}
,"/Users/emanuel.christo/Desktop/chat-app/src/components/DeleteMessageDialog/index.tsx": {"path":"/Users/emanuel.christo/Desktop/chat-app/src/components/DeleteMessageDialog/index.tsx","statementMap":{"0":{"start":{"line":1,"column":0},"end":{"line":1,"column":73}},"1":{"start":{"line":3,"column":0},"end":{"line":3,"column":44}},"2":{"start":{"line":5,"column":35},"end":{"line":26,"column":1}},"3":{"start":{"line":6,"column":29},"end":{"line":6,"column":42}},"4":{"start":{"line":7,"column":18},"end":{"line":7,"column":31}},"5":{"start":{"line":9,"column":1},"end":{"line":25,"column":null}},"6":{"start":{"line":17,"column":4},"end":{"line":17,"column":null}},"7":{"start":{"line":20,"column":4},"end":{"line":20,"column":null}},"8":{"start":{"line":5,"column":13},"end":{"line":5,"column":35}}},"fnMap":{"0":{"name":"(anonymous_0)","decl":{"start":{"line":5,"column":35},"end":{"line":5,"column":38}},"loc":{"start":{"line":5,"column":40},"end":{"line":26,"column":1}}},"1":{"name":"(anonymous_1)","decl":{"start":{"line":16,"column":13},"end":{"line":16,"column":16}},"loc":{"start":{"line":16,"column":18},"end":{"line":18,"column":4}}},"2":{"name":"(anonymous_2)","decl":{"start":{"line":19,"column":9},"end":{"line":19,"column":12}},"loc":{"start":{"line":19,"column":14},"end":{"line":21,"column":4}}}},"branchMap":{},"s":{"0":1,"1":1,"2":1,"3":57,"4":57,"5":57,"6":0,"7":0,"8":1},"f":{"0":57,"1":0,"2":0},"b":{}}
,"/Users/emanuel.christo/Desktop/chat-app/src/components/EditMessageDialog/index.tsx": {"path":"/Users/emanuel.christo/Desktop/chat-app/src/components/EditMessageDialog/index.tsx","statementMap":{"0":{"start":{"line":3,"column":0},"end":{"line":3,"column":43}},"1":{"start":{"line":4,"column":0},"end":{"line":4,"column":73}},"2":{"start":{"line":6,"column":0},"end":{"line":6,"column":44}},"3":{"start":{"line":8,"column":0},"end":{"line":8,"column":51}},"4":{"start":{"line":10,"column":33},"end":{"line":46,"column":1}},"5":{"start":{"line":11,"column":37},"end":{"line":11,"column":50}},"6":{"start":{"line":12,"column":18},"end":{"line":12,"column":31}},"7":{"start":{"line":13,"column":25},"end":{"line":13,"column":37}},"8":{"start":{"line":15,"column":1},"end":{"line":22,"column":null}},"9":{"start":{"line":16,"column":2},"end":{"line":21,"column":null}},"10":{"start":{"line":17,"column":15},"end":{"line":17,"column":76}},"11":{"start":{"line":17,"column":39},"end":{"line":17,"column":64}},"12":{"start":{"line":18,"column":3},"end":{"line":18,"column":null}},"13":{"start":{"line":20,"column":3},"end":{"line":20,"column":null}},"14":{"start":{"line":24,"column":1},"end":{"line":45,"column":null}},"15":{"start":{"line":32,"column":4},"end":{"line":32,"column":null}},"16":{"start":{"line":35,"column":4},"end":{"line":35,"column":null}},"17":{"start":{"line":41,"column":21},"end":{"line":41,"column":44}},"18":{"start":{"line":10,"column":13},"end":{"line":10,"column":33}}},"fnMap":{"0":{"name":"(anonymous_1)","decl":{"start":{"line":10,"column":33},"end":{"line":10,"column":36}},"loc":{"start":{"line":10,"column":38},"end":{"line":46,"column":1}}},"1":{"name":"(anonymous_2)","decl":{"start":{"line":15,"column":11},"end":{"line":15,"column":14}},"loc":{"start":{"line":15,"column":16},"end":{"line":22,"column":2}}},"2":{"name":"(anonymous_3)","decl":{"start":{"line":17,"column":29},"end":{"line":17,"column":30}},"loc":{"start":{"line":17,"column":39},"end":{"line":17,"column":64}}},"3":{"name":"(anonymous_4)","decl":{"start":{"line":31,"column":13},"end":{"line":31,"column":16}},"loc":{"start":{"line":31,"column":18},"end":{"line":33,"column":4}}},"4":{"name":"(anonymous_5)","decl":{"start":{"line":34,"column":9},"end":{"line":34,"column":12}},"loc":{"start":{"line":34,"column":14},"end":{"line":36,"column":4}}},"5":{"name":"(anonymous_6)","decl":{"start":{"line":41,"column":14},"end":{"line":41,"column":15}},"loc":{"start":{"line":41,"column":21},"end":{"line":41,"column":44}}}},"branchMap":{"0":{"loc":{"start":{"line":16,"column":2},"end":{"line":21,"column":null}},"type":"if","locations":[{"start":{"line":16,"column":2},"end":{"line":21,"column":null}},{"start":{"line":19,"column":9},"end":{"line":21,"column":null}}]}},"s":{"0":1,"1":1,"2":1,"3":1,"4":1,"5":77,"6":77,"7":77,"8":77,"9":21,"10":0,"11":0,"12":0,"13":21,"14":77,"15":0,"16":0,"17":0,"18":1},"f":{"0":77,"1":21,"2":0,"3":0,"4":0,"5":0},"b":{"0":[0,21]}}
,"/Users/emanuel.christo/Desktop/chat-app/src/components/MessageComposer/index.tsx": {"path":"/Users/emanuel.christo/Desktop/chat-app/src/components/MessageComposer/index.tsx","statementMap":{"0":{"start":{"line":1,"column":0},"end":{"line":1,"column":32}},"1":{"start":{"line":3,"column":0},"end":{"line":3,"column":49}},"2":{"start":{"line":5,"column":31},"end":{"line":34,"column":1}},"3":{"start":{"line":6,"column":25},"end":{"line":6,"column":37}},"4":{"start":{"line":8,"column":18},"end":{"line":8,"column":19}},"5":{"start":{"line":10,"column":1},"end":{"line":33,"column":null}},"6":{"start":{"line":18,"column":6},"end":{"line":18,"column":null}},"7":{"start":{"line":25,"column":6},"end":{"line":25,"column":null}},"8":{"start":{"line":25,"column":16},"end":{"line":25,"column":null}},"9":{"start":{"line":26,"column":6},"end":{"line":26,"column":null}},"10":{"start":{"line":5,"column":13},"end":{"line":5,"column":31}}},"fnMap":{"0":{"name":"(anonymous_1)","decl":{"start":{"line":5,"column":31},"end":{"line":5,"column":32}},"loc":{"start":{"line":5,"column":82},"end":{"line":34,"column":1}}},"1":{"name":"(anonymous_2)","decl":{"start":{"line":17,"column":15},"end":{"line":17,"column":16}},"loc":{"start":{"line":17,"column":21},"end":{"line":19,"column":6}}},"2":{"name":"(anonymous_3)","decl":{"start":{"line":24,"column":14},"end":{"line":24,"column":17}},"loc":{"start":{"line":24,"column":19},"end":{"line":27,"column":6}}}},"branchMap":{"0":{"loc":{"start":{"line":25,"column":6},"end":{"line":25,"column":null}},"type":"if","locations":[{"start":{"line":25,"column":6},"end":{"line":25,"column":null}}]}},"s":{"0":2,"1":2,"2":2,"3":962,"4":962,"5":962,"6":926,"7":5,"8":5,"9":5,"10":2},"f":{"0":962,"1":926,"2":5},"b":{"0":[5]}}
,"/Users/emanuel.christo/Desktop/chat-app/src/components/MessageItem/index.tsx": {"path":"/Users/emanuel.christo/Desktop/chat-app/src/components/MessageItem/index.tsx","statementMap":{"0":{"start":{"line":3,"column":0},"end":{"line":3,"column":43}},"1":{"start":{"line":4,"column":0},"end":{"line":4,"column":59}},"2":{"start":{"line":6,"column":0},"end":{"line":6,"column":45}},"3":{"start":{"line":17,"column":28},"end":{"line":17,"column":31}},"4":{"start":{"line":19,"column":20},"end":{"line":96,"column":1}},"5":{"start":{"line":22,"column":71},"end":{"line":22,"column":73}},"6":{"start":{"line":24,"column":2},"end":{"line":31,"column":null}},"7":{"start":{"line":25,"column":3},"end":{"line":30,"column":null}},"8":{"start":{"line":26,"column":4},"end":{"line":26,"column":null}},"9":{"start":{"line":28,"column":4},"end":{"line":28,"column":null}},"10":{"start":{"line":29,"column":4},"end":{"line":29,"column":null}},"11":{"start":{"line":33,"column":2},"end":{"line":35,"column":null}},"12":{"start":{"line":34,"column":3},"end":{"line":34,"column":null}},"13":{"start":{"line":38,"column":35},"end":{"line":38,"column":47}},"14":{"start":{"line":39,"column":16},"end":{"line":39,"column":53}},"15":{"start":{"line":40,"column":26},"end":{"line":40,"column":74}},"16":{"start":{"line":42,"column":1},"end":{"line":48,"column":null}},"17":{"start":{"line":43,"column":2},"end":{"line":47,"column":null}},"18":{"start":{"line":44,"column":3},"end":{"line":44,"column":null}},"19":{"start":{"line":46,"column":3},"end":{"line":46,"column":null}},"20":{"start":{"line":51,"column":2},"end":{"line":51,"column":null}},"21":{"start":{"line":52,"column":2},"end":{"line":52,"column":null}},"22":{"start":{"line":56,"column":2},"end":{"line":56,"column":null}},"23":{"start":{"line":59,"column":1},"end":{"line":95,"column":null}},"24":{"start":{"line":77,"column":9},"end":{"line":78,"column":null}},"25":{"start":{"line":83,"column":11},"end":{"line":85,"column":null}},"26":{"start":{"line":84,"column":12},"end":{"line":84,"column":null}},"27":{"start":{"line":98,"column":0},"end":{"line":98,"column":null}},"28":{"start":{"line":107,"column":21},"end":{"line":114,"column":1}},"29":{"start":{"line":108,"column":1},"end":{"line":113,"column":null}},"30":{"start":{"line":123,"column":22},"end":{"line":142,"column":1}},"31":{"start":{"line":124,"column":16},"end":{"line":124,"column":46}},"32":{"start":{"line":126,"column":1},"end":{"line":141,"column":null}},"33":{"start":{"line":130,"column":5},"end":{"line":130,"column":22}},"34":{"start":{"line":130,"column":59},"end":{"line":130,"column":72}}},"fnMap":{"0":{"name":"(anonymous_1)","decl":{"start":{"line":19,"column":20},"end":{"line":19,"column":21}},"loc":{"start":{"line":19,"column":106},"end":{"line":96,"column":1}}},"1":{"name":"groupReactions","decl":{"start":{"line":21,"column":10},"end":{"line":21,"column":24}},"loc":{"start":{"line":21,"column":94},"end":{"line":36,"column":2}}},"2":{"name":"(anonymous_3)","decl":{"start":{"line":33,"column":32},"end":{"line":33,"column":33}},"loc":{"start":{"line":33,"column":40},"end":{"line":35,"column":3}}},"3":{"name":"(anonymous_4)","decl":{"start":{"line":42,"column":11},"end":{"line":42,"column":14}},"loc":{"start":{"line":42,"column":16},"end":{"line":48,"column":2}}},"4":{"name":"handleMore","decl":{"start":{"line":50,"column":10},"end":{"line":50,"column":20}},"loc":{"start":{"line":50,"column":20},"end":{"line":53,"column":2}}},"5":{"name":"formatText","decl":{"start":{"line":55,"column":10},"end":{"line":55,"column":20}},"loc":{"start":{"line":55,"column":33},"end":{"line":57,"column":2}}},"6":{"name":"(anonymous_7)","decl":{"start":{"line":76,"column":30},"end":{"line":76,"column":31}},"loc":{"start":{"line":77,"column":9},"end":{"line":78,"column":null}}},"7":{"name":"(anonymous_8)","decl":{"start":{"line":82,"column":19},"end":{"line":82,"column":22}},"loc":{"start":{"line":82,"column":24},"end":{"line":86,"column":11}}},"8":{"name":"(anonymous_9)","decl":{"start":{"line":107,"column":21},"end":{"line":107,"column":22}},"loc":{"start":{"line":107,"column":78},"end":{"line":114,"column":1}}},"9":{"name":"(anonymous_10)","decl":{"start":{"line":123,"column":22},"end":{"line":123,"column":23}},"loc":{"start":{"line":123,"column":85},"end":{"line":142,"column":1}}},"10":{"name":"(anonymous_11)","decl":{"start":{"line":129,"column":16},"end":{"line":129,"column":17}},"loc":{"start":{"line":130,"column":5},"end":{"line":130,"column":22}}},"11":{"name":"(anonymous_12)","decl":{"start":{"line":130,"column":53},"end":{"line":130,"column":56}},"loc":{"start":{"line":130,"column":59},"end":{"line":130,"column":72}}}},"branchMap":{"0":{"loc":{"start":{"line":25,"column":3},"end":{"line":30,"column":null}},"type":"if","locations":[{"start":{"line":25,"column":3},"end":{"line":30,"column":null}},{"start":{"line":27,"column":10},"end":{"line":30,"column":null}}]},"1":{"loc":{"start":{"line":29,"column":31},"end":{"line":29,"column":88}},"type":"binary-expr","locations":[{"start":{"line":29,"column":31},"end":{"line":29,"column":55}},{"start":{"line":29,"column":59},"end":{"line":29,"column":88}}]},"2":{"loc":{"start":{"line":43,"column":2},"end":{"line":47,"column":null}},"type":"if","locations":[{"start":{"line":43,"column":2},"end":{"line":47,"column":null}},{"start":{"line":45,"column":9},"end":{"line":47,"column":null}}]},"3":{"loc":{"start":{"line":60,"column":57},"end":{"line":60,"column":83}},"type":"cond-expr","locations":[{"start":{"line":60,"column":64},"end":{"line":60,"column":78}},{"start":{"line":60,"column":81},"end":{"line":60,"column":83}}]},"4":{"loc":{"start":{"line":64,"column":6},"end":{"line":64,"column":114}},"type":"binary-expr","locations":[{"start":{"line":64,"column":6},"end":{"line":64,"column":29}},{"start":{"line":64,"column":33},"end":{"line":64,"column":114}}]},"5":{"loc":{"start":{"line":68,"column":7},"end":{"line":72,"column":null}},"type":"binary-expr","locations":[{"start":{"line":68,"column":7},"end":{"line":68,"column":33}},{"start":{"line":69,"column":7},"end":{"line":70,"column":null}}]},"6":{"loc":{"start":{"line":74,"column":7},"end":{"line":89,"column":null}},"type":"binary-expr","locations":[{"start":{"line":74,"column":7},"end":{"line":74,"column":32}},{"start":{"line":75,"column":7},"end":{"line":88,"column":null}}]},"7":{"loc":{"start":{"line":83,"column":11},"end":{"line":85,"column":null}},"type":"if","locations":[{"start":{"line":83,"column":11},"end":{"line":85,"column":null}}]},"8":{"loc":{"start":{"line":109,"column":48},"end":{"line":109,"column":90}},"type":"cond-expr","locations":[{"start":{"line":109,"column":57},"end":{"line":109,"column":85}},{"start":{"line":109,"column":88},"end":{"line":109,"column":90}}]},"9":{"loc":{"start":{"line":137,"column":5},"end":{"line":137,"column":98}},"type":"binary-expr","locations":[{"start":{"line":137,"column":5},"end":{"line":137,"column":13}},{"start":{"line":137,"column":17},"end":{"line":137,"column":98}}]}},"s":{"0":1,"1":1,"2":1,"3":1,"4":1,"5":13,"6":13,"7":2,"8":2,"9":0,"10":0,"11":13,"12":2,"13":13,"14":13,"15":13,"16":13,"17":6,"18":2,"19":4,"20":1,"21":1,"22":13,"23":13,"24":2,"25":1,"26":1,"27":1,"28":1,"29":2,"30":1,"31":13,"32":13,"33":65,"34":1},"f":{"0":13,"1":13,"2":2,"3":6,"4":1,"5":13,"6":2,"7":1,"8":2,"9":13,"10":65,"11":1},"b":{"0":[2,0],"1":[0,0],"2":[2,4],"3":[13,0],"4":[13,13],"5":[13,6],"6":[13,13],"7":[1],"8":[2,0],"9":[13,13]}}
,"/Users/emanuel.christo/Desktop/chat-app/src/components/MessagesHeader/index.tsx": {"path":"/Users/emanuel.christo/Desktop/chat-app/src/components/MessagesHeader/index.tsx","statementMap":{"0":{"start":{"line":1,"column":0},"end":{"line":1,"column":48}},"1":{"start":{"line":10,"column":30},"end":{"line":44,"column":1}},"2":{"start":{"line":11,"column":1},"end":{"line":43,"column":null}},"3":{"start":{"line":10,"column":13},"end":{"line":10,"column":30}}},"fnMap":{"0":{"name":"(anonymous_1)","decl":{"start":{"line":10,"column":30},"end":{"line":10,"column":31}},"loc":{"start":{"line":10,"column":96},"end":{"line":44,"column":1}}}},"branchMap":{"0":{"loc":{"start":{"line":16,"column":31},"end":{"line":16,"column":83}},"type":"cond-expr","locations":[{"start":{"line":16,"column":40},"end":{"line":16,"column":56}},{"start":{"line":16,"column":59},"end":{"line":16,"column":83}}]},"1":{"loc":{"start":{"line":20,"column":6},"end":{"line":24,"column":null}},"type":"binary-expr","locations":[{"start":{"line":20,"column":6},"end":{"line":20,"column":14}},{"start":{"line":21,"column":6},"end":{"line":23,"column":null}}]}},"s":{"0":1,"1":1,"2":33,"3":1},"f":{"0":33},"b":{"0":[33,0],"1":[33,33]}}
,"/Users/emanuel.christo/Desktop/chat-app/src/components/MessagesPane/index.tsx": {"path":"/Users/emanuel.christo/Desktop/chat-app/src/components/MessagesPane/index.tsx","statementMap":{"0":{"start":{"line":3,"column":0},"end":{"line":3,"column":82}},"1":{"start":{"line":4,"column":0},"end":{"line":4,"column":73}},"2":{"start":{"line":6,"column":0},"end":{"line":6,"column":52}},"3":{"start":{"line":7,"column":0},"end":{"line":7,"column":50}},"4":{"start":{"line":8,"column":20},"end":{"line":8,"column":56}},"5":{"start":{"line":8,"column":30},"end":{"line":8,"column":55}},"6":{"start":{"line":10,"column":0},"end":{"line":10,"column":46}},"7":{"start":{"line":12,"column":13},"end":{"line":75,"column":null}},"8":{"start":{"line":13,"column":18},"end":{"line":13,"column":31}},"9":{"start":{"line":14,"column":68},"end":{"line":14,"column":81}},"10":{"start":{"line":16,"column":23},"end":{"line":16,"column":37}},"11":{"start":{"line":17,"column":21},"end":{"line":17,"column":69}},"12":{"start":{"line":17,"column":42},"end":{"line":17,"column":68}},"13":{"start":{"line":18,"column":25},"end":{"line":18,"column":85}},"14":{"start":{"line":18,"column":59},"end":{"line":18,"column":84}},"15":{"start":{"line":20,"column":23},"end":{"line":22,"column":null}},"16":{"start":{"line":21,"column":8},"end":{"line":21,"column":65}},"17":{"start":{"line":21,"column":34},"end":{"line":21,"column":64}},"18":{"start":{"line":25,"column":41},"end":{"line":25,"column":64}},"19":{"start":{"line":26,"column":27},"end":{"line":26,"column":55}},"20":{"start":{"line":29,"column":1},"end":{"line":38,"column":null}},"21":{"start":{"line":30,"column":24},"end":{"line":30,"column":97}},"22":{"start":{"line":31,"column":20},"end":{"line":31,"column":81}},"23":{"start":{"line":33,"column":2},"end":{"line":35,"column":null}},"24":{"start":{"line":34,"column":3},"end":{"line":34,"column":null}},"25":{"start":{"line":37,"column":2},"end":{"line":37,"column":null}},"26":{"start":{"line":40,"column":1},"end":{"line":74,"column":null}},"27":{"start":{"line":40,"column":23},"end":{"line":40,"column":null}},"28":{"start":{"line":42,"column":2},"end":{"line":74,"column":null}},"29":{"start":{"line":48,"column":25},"end":{"line":48,"column":58}},"30":{"start":{"line":53,"column":7},"end":{"line":53,"column":null}},"31":{"start":{"line":58,"column":10},"end":{"line":58,"column":null}},"32":{"start":{"line":60,"column":25},"end":{"line":60,"column":90}},"33":{"start":{"line":61,"column":23},"end":{"line":61,"column":86}},"34":{"start":{"line":72,"column":39},"end":{"line":72,"column":94}},"35":{"start":{"line":77,"column":26},"end":{"line":88,"column":1}},"36":{"start":{"line":78,"column":1},"end":{"line":87,"column":null}}},"fnMap":{"0":{"name":"(anonymous_7)","decl":{"start":{"line":8,"column":25},"end":{"line":8,"column":28}},"loc":{"start":{"line":8,"column":30},"end":{"line":8,"column":55}}},"1":{"name":"(anonymous_8)","decl":{"start":{"line":8,"column":30},"end":{"line":8,"column":38}},"loc":{"start":{"line":8,"column":30},"end":{"line":8,"column":55}}},"2":{"name":"(anonymous_9)","decl":{"start":{"line":12,"column":33},"end":{"line":12,"column":36}},"loc":{"start":{"line":12,"column":38},"end":{"line":75,"column":1}}},"3":{"name":"(anonymous_10)","decl":{"start":{"line":17,"column":32},"end":{"line":17,"column":33}},"loc":{"start":{"line":17,"column":42},"end":{"line":17,"column":68}}},"4":{"name":"(anonymous_11)","decl":{"start":{"line":18,"column":49},"end":{"line":18,"column":50}},"loc":{"start":{"line":18,"column":59},"end":{"line":18,"column":84}}},"5":{"name":"(anonymous_12)","decl":{"start":{"line":21,"column":2},"end":{"line":21,"column":5}},"loc":{"start":{"line":21,"column":8},"end":{"line":21,"column":65}}},"6":{"name":"(anonymous_13)","decl":{"start":{"line":21,"column":24},"end":{"line":21,"column":25}},"loc":{"start":{"line":21,"column":34},"end":{"line":21,"column":64}}},"7":{"name":"(anonymous_14)","decl":{"start":{"line":29,"column":11},"end":{"line":29,"column":14}},"loc":{"start":{"line":29,"column":16},"end":{"line":38,"column":2}}},"8":{"name":"(anonymous_15)","decl":{"start":{"line":48,"column":19},"end":{"line":48,"column":22}},"loc":{"start":{"line":48,"column":25},"end":{"line":48,"column":58}}},"9":{"name":"(anonymous_16)","decl":{"start":{"line":52,"column":25},"end":{"line":52,"column":26}},"loc":{"start":{"line":53,"column":7},"end":{"line":53,"column":null}}},"10":{"name":"(anonymous_17)","decl":{"start":{"line":57,"column":18},"end":{"line":57,"column":19}},"loc":{"start":{"line":57,"column":28},"end":{"line":59,"column":10}}},"11":{"name":"(anonymous_18)","decl":{"start":{"line":60,"column":19},"end":{"line":60,"column":22}},"loc":{"start":{"line":60,"column":25},"end":{"line":60,"column":90}}},"12":{"name":"(anonymous_19)","decl":{"start":{"line":61,"column":17},"end":{"line":61,"column":20}},"loc":{"start":{"line":61,"column":23},"end":{"line":61,"column":86}}},"13":{"name":"(anonymous_20)","decl":{"start":{"line":72,"column":29},"end":{"line":72,"column":30}},"loc":{"start":{"line":72,"column":39},"end":{"line":72,"column":94}}},"14":{"name":"(anonymous_21)","decl":{"start":{"line":77,"column":26},"end":{"line":77,"column":29}},"loc":{"start":{"line":77,"column":31},"end":{"line":88,"column":1}}}},"branchMap":{"0":{"loc":{"start":{"line":18,"column":25},"end":{"line":18,"column":85}},"type":"cond-expr","locations":[{"start":{"line":18,"column":36},"end":{"line":18,"column":38}},{"start":{"line":18,"column":25},"end":{"line":18,"column":85}}]},"1":{"loc":{"start":{"line":18,"column":25},"end":{"line":18,"column":38}},"type":"binary-expr","locations":[{"start":{"line":18,"column":25},"end":{"line":18,"column":38}},{"start":{"line":18,"column":25},"end":{"line":18,"column":38}}]},"2":{"loc":{"start":{"line":30,"column":24},"end":{"line":30,"column":97}},"type":"cond-expr","locations":[{"start":{"line":30,"column":50},"end":{"line":30,"column":90}},{"start":{"line":30,"column":93},"end":{"line":30,"column":97}}]},"3":{"loc":{"start":{"line":31,"column":20},"end":{"line":31,"column":81}},"type":"cond-expr","locations":[{"start":{"line":31,"column":42},"end":{"line":31,"column":74}},{"start":{"line":31,"column":77},"end":{"line":31,"column":81}}]},"4":{"loc":{"start":{"line":33,"column":2},"end":{"line":35,"column":null}},"type":"if","locations":[{"start":{"line":33,"column":2},"end":{"line":35,"column":null}}]},"5":{"loc":{"start":{"line":33,"column":6},"end":{"line":33,"column":62}},"type":"binary-expr","locations":[{"start":{"line":33,"column":6},"end":{"line":33,"column":31}},{"start":{"line":33,"column":35},"end":{"line":33,"column":62}}]},"6":{"loc":{"start":{"line":40,"column":1},"end":{"line":74,"column":null}},"type":"if","locations":[{"start":{"line":40,"column":1},"end":{"line":74,"column":null}},{"start":{"line":42,"column":2},"end":{"line":74,"column":null}}]},"7":{"loc":{"start":{"line":50,"column":5},"end":{"line":69,"column":null}},"type":"cond-expr","locations":[{"start":{"line":51,"column":5},"end":{"line":66,"column":null}},{"start":{"line":69,"column":5},"end":{"line":69,"column":65}}]}},"s":{"0":1,"1":1,"2":1,"3":1,"4":1,"5":2,"6":1,"7":1,"8":78,"9":78,"10":78,"11":78,"12":34,"13":78,"14":33,"15":78,"16":36,"17":6,"18":78,"19":78,"20":78,"21":21,"22":21,"23":21,"24":4,"25":21,"26":78,"27":45,"28":33,"29":2,"30":12,"31":2,"32":0,"33":0,"34":4,"35":1,"36":45},"f":{"0":1,"1":1,"2":78,"3":34,"4":33,"5":36,"6":6,"7":21,"8":2,"9":12,"10":2,"11":0,"12":0,"13":4,"14":45},"b":{"0":[45,33],"1":[78,78],"2":[2,19],"3":[6,15],"4":[4],"5":[21,6],"6":[45,33],"7":[12,21]}}
,"/Users/emanuel.christo/Desktop/chat-app/src/components/ModalDialog/index.tsx": {"path":"/Users/emanuel.christo/Desktop/chat-app/src/components/ModalDialog/index.tsx","statementMap":{"0":{"start":{"line":3,"column":0},"end":{"line":3,"column":45}},"1":{"start":{"line":16,"column":27},"end":{"line":48,"column":1}},"2":{"start":{"line":26,"column":1},"end":{"line":47,"column":null}},"3":{"start":{"line":28,"column":53},"end":{"line":28,"column":72}},"4":{"start":{"line":16,"column":13},"end":{"line":16,"column":27}}},"fnMap":{"0":{"name":"(anonymous_1)","decl":{"start":{"line":16,"column":27},"end":{"line":16,"column":28}},"loc":{"start":{"line":25,"column":23},"end":{"line":48,"column":1}}},"1":{"name":"(anonymous_2)","decl":{"start":{"line":28,"column":46},"end":{"line":28,"column":47}},"loc":{"start":{"line":28,"column":53},"end":{"line":28,"column":72}}}},"branchMap":{"0":{"loc":{"start":{"line":19,"column":1},"end":{"line":19,"column":27}},"type":"default-arg","locations":[{"start":{"line":19,"column":19},"end":{"line":19,"column":27}}]},"1":{"loc":{"start":{"line":20,"column":1},"end":{"line":20,"column":23}},"type":"default-arg","locations":[{"start":{"line":20,"column":16},"end":{"line":20,"column":23}}]},"2":{"loc":{"start":{"line":27,"column":50},"end":{"line":27,"column":77}},"type":"cond-expr","locations":[{"start":{"line":27,"column":58},"end":{"line":27,"column":72}},{"start":{"line":27,"column":75},"end":{"line":27,"column":77}}]},"3":{"loc":{"start":{"line":39,"column":27},"end":{"line":39,"column":99}},"type":"cond-expr","locations":[{"start":{"line":39,"column":52},"end":{"line":39,"column":73}},{"start":{"line":39,"column":76},"end":{"line":39,"column":99}}]}},"s":{"0":1,"1":1,"2":423,"3":21,"4":1},"f":{"0":423,"1":21},"b":{"0":[0],"1":[0],"2":[226,197],"3":[114,309]}}
,"/Users/emanuel.christo/Desktop/chat-app/src/components/SearchBox/index.tsx": {"path":"/Users/emanuel.christo/Desktop/chat-app/src/components/SearchBox/index.tsx","statementMap":{"0":{"start":{"line":1,"column":0},"end":{"line":1,"column":43}},"1":{"start":{"line":3,"column":25},"end":{"line":47,"column":1}},"2":{"start":{"line":4,"column":1},"end":{"line":46,"column":null}},"3":{"start":{"line":24,"column":81},"end":{"line":24,"column":105}},"4":{"start":{"line":32,"column":19},"end":{"line":32,"column":31}},"5":{"start":{"line":3,"column":13},"end":{"line":3,"column":25}}},"fnMap":{"0":{"name":"(anonymous_1)","decl":{"start":{"line":3,"column":25},"end":{"line":3,"column":26}},"loc":{"start":{"line":3,"column":97},"end":{"line":47,"column":1}}},"1":{"name":"(anonymous_2)","decl":{"start":{"line":24,"column":74},"end":{"line":24,"column":75}},"loc":{"start":{"line":24,"column":81},"end":{"line":24,"column":105}}},"2":{"name":"(anonymous_3)","decl":{"start":{"line":32,"column":13},"end":{"line":32,"column":16}},"loc":{"start":{"line":32,"column":19},"end":{"line":32,"column":31}}}},"branchMap":{},"s":{"0":1,"1":1,"2":67,"3":9,"4":1,"5":1},"f":{"0":67,"1":9,"2":1},"b":{}}
,"/Users/emanuel.christo/Desktop/chat-app/src/components/ViewMode/index.tsx": {"path":"/Users/emanuel.christo/Desktop/chat-app/src/components/ViewMode/index.tsx","statementMap":{"0":{"start":{"line":3,"column":0},"end":{"line":3,"column":42}},"1":{"start":{"line":5,"column":24},"end":{"line":28,"column":1}},"2":{"start":{"line":12,"column":1},"end":{"line":27,"column":null}},"3":{"start":{"line":16,"column":19},"end":{"line":16,"column":47}},"4":{"start":{"line":22,"column":19},"end":{"line":22,"column":46}},"5":{"start":{"line":5,"column":13},"end":{"line":5,"column":24}}},"fnMap":{"0":{"name":"(anonymous_1)","decl":{"start":{"line":5,"column":24},"end":{"line":5,"column":25}},"loc":{"start":{"line":11,"column":5},"end":{"line":28,"column":1}}},"1":{"name":"(anonymous_2)","decl":{"start":{"line":16,"column":13},"end":{"line":16,"column":16}},"loc":{"start":{"line":16,"column":19},"end":{"line":16,"column":47}}},"2":{"name":"(anonymous_3)","decl":{"start":{"line":22,"column":13},"end":{"line":22,"column":16}},"loc":{"start":{"line":22,"column":19},"end":{"line":22,"column":46}}}},"branchMap":{"0":{"loc":{"start":{"line":15,"column":18},"end":{"line":15,"column":67}},"type":"cond-expr","locations":[{"start":{"line":15,"column":44},"end":{"line":15,"column":62}},{"start":{"line":15,"column":65},"end":{"line":15,"column":67}}]},"1":{"loc":{"start":{"line":21,"column":18},"end":{"line":21,"column":66}},"type":"cond-expr","locations":[{"start":{"line":21,"column":43},"end":{"line":21,"column":61}},{"start":{"line":21,"column":64},"end":{"line":21,"column":66}}]}},"s":{"0":1,"1":1,"2":67,"3":1,"4":1,"5":1},"f":{"0":67,"1":1,"2":1},"b":{"0":[66,1],"1":[1,66]}}
,"/Users/emanuel.christo/Desktop/chat-app/src/contexts/AppStateContext.tsx": {"path":"/Users/emanuel.christo/Desktop/chat-app/src/contexts/AppStateContext.tsx","statementMap":{"0":{"start":{"line":4,"column":0},"end":{"line":4,"column":61}},"1":{"start":{"line":5,"column":0},"end":{"line":5,"column":46}},"2":{"start":{"line":6,"column":0},"end":{"line":6,"column":52}},"3":{"start":{"line":8,"column":24},"end":{"line":8,"column":37}},"4":{"start":{"line":9,"column":27},"end":{"line":14,"column":null}},"5":{"start":{"line":16,"column":28},"end":{"line":26,"column":null}},"6":{"start":{"line":29,"column":20},"end":{"line":29,"column":52}},"7":{"start":{"line":30,"column":0},"end":{"line":34,"column":null}},"8":{"start":{"line":31,"column":18},"end":{"line":31,"column":41}},"9":{"start":{"line":32,"column":1},"end":{"line":32,"column":null}},"10":{"start":{"line":33,"column":1},"end":{"line":33,"column":null}},"11":{"start":{"line":36,"column":24},"end":{"line":36,"column":65}},"12":{"start":{"line":37,"column":32},"end":{"line":37,"column":76}},"13":{"start":{"line":39,"column":32},"end":{"line":47,"column":1}},"14":{"start":{"line":40,"column":27},"end":{"line":40,"column":60}},"15":{"start":{"line":42,"column":1},"end":{"line":46,"column":null}},"16":{"start":{"line":39,"column":13},"end":{"line":39,"column":32}},"17":{"start":{"line":49,"column":27},"end":{"line":51,"column":1}},"18":{"start":{"line":50,"column":1},"end":{"line":50,"column":null}},"19":{"start":{"line":49,"column":13},"end":{"line":49,"column":27}},"20":{"start":{"line":53,"column":27},"end":{"line":55,"column":1}},"21":{"start":{"line":54,"column":1},"end":{"line":54,"column":null}},"22":{"start":{"line":53,"column":13},"end":{"line":53,"column":27}},"23":{"start":{"line":57,"column":16},"end":{"line":168,"column":1}},"24":{"start":{"line":58,"column":1},"end":{"line":167,"column":null}},"25":{"start":{"line":60,"column":3},"end":{"line":60,"column":44}},"26":{"start":{"line":63,"column":3},"end":{"line":63,"column":45}},"27":{"start":{"line":66,"column":3},"end":{"line":66,"column":null}},"28":{"start":{"line":66,"column":33},"end":{"line":66,"column":null}},"29":{"start":{"line":68,"column":21},"end":{"line":68,"column":36}},"30":{"start":{"line":69,"column":25},"end":{"line":74,"column":null}},"31":{"start":{"line":76,"column":25},"end":{"line":80,"column":null}},"32":{"start":{"line":82,"column":3},"end":{"line":82,"column":107}},"33":{"start":{"line":85,"column":3},"end":{"line":85,"column":44}},"34":{"start":{"line":88,"column":3},"end":{"line":88,"column":45}},"35":{"start":{"line":91,"column":20},"end":{"line":91,"column":82}},"36":{"start":{"line":91,"column":49},"end":{"line":91,"column":81}},"37":{"start":{"line":92,"column":23},"end":{"line":92,"column":90}},"38":{"start":{"line":92,"column":54},"end":{"line":92,"column":89}},"39":{"start":{"line":93,"column":29},"end":{"line":93,"column":72}},"40":{"start":{"line":94,"column":3},"end":{"line":99,"column":null}},"41":{"start":{"line":103,"column":3},"end":{"line":103,"column":65}},"42":{"start":{"line":106,"column":3},"end":{"line":106,"column":45}},"43":{"start":{"line":109,"column":19},"end":{"line":109,"column":83}},"44":{"start":{"line":109,"column":50},"end":{"line":109,"column":82}},"45":{"start":{"line":110,"column":3},"end":{"line":110,"column":64}},"46":{"start":{"line":113,"column":3},"end":{"line":113,"column":63}},"47":{"start":{"line":116,"column":3},"end":{"line":116,"column":43}},"48":{"start":{"line":119,"column":19},"end":{"line":119,"column":90}},"49":{"start":{"line":119,"column":48},"end":{"line":119,"column":78}},"50":{"start":{"line":120,"column":3},"end":{"line":120,"column":null}},"51":{"start":{"line":121,"column":3},"end":{"line":121,"column":74}},"52":{"start":{"line":124,"column":23},"end":{"line":124,"column":78}},"53":{"start":{"line":125,"column":15},"end":{"line":125,"column":90}},"54":{"start":{"line":125,"column":42},"end":{"line":125,"column":78}},"55":{"start":{"line":126,"column":20},"end":{"line":126,"column":86}},"56":{"start":{"line":126,"column":49},"end":{"line":126,"column":85}},"57":{"start":{"line":129,"column":3},"end":{"line":140,"column":null}},"58":{"start":{"line":131,"column":4},"end":{"line":135,"column":null}},"59":{"start":{"line":132,"column":5},"end":{"line":132,"column":null}},"60":{"start":{"line":132,"column":52},"end":{"line":132,"column":88}},"61":{"start":{"line":135,"column":9},"end":{"line":135,"column":null}},"62":{"start":{"line":139,"column":4},"end":{"line":139,"column":null}},"63":{"start":{"line":142,"column":3},"end":{"line":142,"column":45}},"64":{"start":{"line":145,"column":3},"end":{"line":145,"column":null}},"65":{"start":{"line":145,"column":29},"end":{"line":145,"column":null}},"66":{"start":{"line":147,"column":31},"end":{"line":155,"column":null}},"67":{"start":{"line":157,"column":3},"end":{"line":157,"column":65}},"68":{"start":{"line":160,"column":3},"end":{"line":160,"column":61}},"69":{"start":{"line":163,"column":3},"end":{"line":163,"column":57}},"70":{"start":{"line":166,"column":3},"end":{"line":166,"column":null}}},"fnMap":{"0":{"name":"(anonymous_0)","decl":{"start":{"line":39,"column":32},"end":{"line":39,"column":33}},"loc":{"start":{"line":39,"column":74},"end":{"line":47,"column":1}}},"1":{"name":"(anonymous_1)","decl":{"start":{"line":49,"column":27},"end":{"line":49,"column":30}},"loc":{"start":{"line":49,"column":32},"end":{"line":51,"column":1}}},"2":{"name":"(anonymous_2)","decl":{"start":{"line":53,"column":27},"end":{"line":53,"column":30}},"loc":{"start":{"line":53,"column":32},"end":{"line":55,"column":1}}},"3":{"name":"(anonymous_3)","decl":{"start":{"line":57,"column":16},"end":{"line":57,"column":17}},"loc":{"start":{"line":57,"column":56},"end":{"line":168,"column":1}}},"4":{"name":"(anonymous_4)","decl":{"start":{"line":91,"column":39},"end":{"line":91,"column":40}},"loc":{"start":{"line":91,"column":49},"end":{"line":91,"column":81}}},"5":{"name":"(anonymous_5)","decl":{"start":{"line":92,"column":45},"end":{"line":92,"column":46}},"loc":{"start":{"line":92,"column":54},"end":{"line":92,"column":89}}},"6":{"name":"(anonymous_6)","decl":{"start":{"line":109,"column":41},"end":{"line":109,"column":42}},"loc":{"start":{"line":109,"column":50},"end":{"line":109,"column":82}}},"7":{"name":"(anonymous_7)","decl":{"start":{"line":119,"column":39},"end":{"line":119,"column":40}},"loc":{"start":{"line":119,"column":48},"end":{"line":119,"column":78}}},"8":{"name":"(anonymous_8)","decl":{"start":{"line":125,"column":32},"end":{"line":125,"column":33}},"loc":{"start":{"line":125,"column":42},"end":{"line":125,"column":78}}},"9":{"name":"(anonymous_9)","decl":{"start":{"line":126,"column":39},"end":{"line":126,"column":40}},"loc":{"start":{"line":126,"column":49},"end":{"line":126,"column":85}}},"10":{"name":"(anonymous_10)","decl":{"start":{"line":132,"column":42},"end":{"line":132,"column":43}},"loc":{"start":{"line":132,"column":52},"end":{"line":132,"column":88}}}},"branchMap":{"0":{"loc":{"start":{"line":30,"column":0},"end":{"line":34,"column":null}},"type":"if","locations":[{"start":{"line":30,"column":0},"end":{"line":34,"column":null}}]},"1":{"loc":{"start":{"line":32,"column":22},"end":{"line":32,"column":42}},"type":"cond-expr","locations":[{"start":{"line":32,"column":36},"end":{"line":32,"column":40}},{"start":{"line":32,"column":40},"end":{"line":32,"column":42}}]},"2":{"loc":{"start":{"line":32,"column":22},"end":{"line":32,"column":40}},"type":"binary-expr","locations":[{"start":{"line":32,"column":22},"end":{"line":32,"column":40}},{"start":{"line":32,"column":36},"end":{"line":32,"column":40}}]},"3":{"loc":{"start":{"line":33,"column":25},"end":{"line":33,"column":48}},"type":"cond-expr","locations":[{"start":{"line":33,"column":42},"end":{"line":33,"column":46}},{"start":{"line":33,"column":46},"end":{"line":33,"column":48}}]},"4":{"loc":{"start":{"line":33,"column":25},"end":{"line":33,"column":46}},"type":"binary-expr","locations":[{"start":{"line":33,"column":25},"end":{"line":33,"column":46}},{"start":{"line":33,"column":42},"end":{"line":33,"column":46}}]},"5":{"loc":{"start":{"line":58,"column":1},"end":{"line":167,"column":null}},"type":"switch","locations":[{"start":{"line":59,"column":2},"end":{"line":61,"column":null}},{"start":{"line":62,"column":2},"end":{"line":64,"column":null}},{"start":{"line":65,"column":2},"end":{"line":83,"column":null}},{"start":{"line":84,"column":2},"end":{"line":86,"column":null}},{"start":{"line":87,"column":2},"end":{"line":89,"column":null}},{"start":{"line":90,"column":2},"end":{"line":101,"column":null}},{"start":{"line":102,"column":2},"end":{"line":104,"column":null}},{"start":{"line":105,"column":2},"end":{"line":107,"column":null}},{"start":{"line":108,"column":2},"end":{"line":111,"column":null}},{"start":{"line":112,"column":2},"end":{"line":114,"column":null}},{"start":{"line":115,"column":2},"end":{"line":117,"column":null}},{"start":{"line":118,"column":2},"end":{"line":122,"column":null}},{"start":{"line":123,"column":2},"end":{"line":143,"column":null}},{"start":{"line":144,"column":2},"end":{"line":158,"column":null}},{"start":{"line":159,"column":2},"end":{"line":161,"column":null}},{"start":{"line":162,"column":2},"end":{"line":164,"column":null}},{"start":{"line":165,"column":2},"end":{"line":166,"column":null}}]},"6":{"loc":{"start":{"line":66,"column":3},"end":{"line":66,"column":null}},"type":"if","locations":[{"start":{"line":66,"column":3},"end":{"line":66,"column":null}}]},"7":{"loc":{"start":{"line":93,"column":29},"end":{"line":93,"column":72}},"type":"cond-expr","locations":[{"start":{"line":93,"column":51},"end":{"line":93,"column":65}},{"start":{"line":93,"column":68},"end":{"line":93,"column":72}}]},"8":{"loc":{"start":{"line":129,"column":3},"end":{"line":140,"column":null}},"type":"if","locations":[{"start":{"line":129,"column":3},"end":{"line":140,"column":null}},{"start":{"line":138,"column":8},"end":{"line":140,"column":null}}]},"9":{"loc":{"start":{"line":131,"column":4},"end":{"line":135,"column":null}},"type":"if","locations":[{"start":{"line":131,"column":4},"end":{"line":135,"column":null}},{"start":{"line":135,"column":9},"end":{"line":135,"column":null}}]},"10":{"loc":{"start":{"line":145,"column":3},"end":{"line":145,"column":null}},"type":"if","locations":[{"start":{"line":145,"column":3},"end":{"line":145,"column":null}}]}},"s":{"0":1,"1":1,"2":1,"3":1,"4":1,"5":1,"6":1,"7":1,"8":0,"9":0,"10":0,"11":1,"12":1,"13":1,"14":57,"15":57,"16":1,"17":1,"18":601,"19":1,"20":1,"21":601,"22":1,"23":1,"24":43,"25":15,"26":1,"27":14,"28":0,"29":14,"30":14,"31":14,"32":14,"33":2,"34":1,"35":1,"36":1,"37":1,"38":0,"39":1,"40":1,"41":0,"42":0,"43":0,"44":0,"45":0,"46":0,"47":0,"48":0,"49":0,"50":0,"51":0,"52":2,"53":2,"54":2,"55":2,"56":1,"57":2,"58":1,"59":1,"60":1,"61":0,"62":1,"63":2,"64":4,"65":0,"66":4,"67":4,"68":1,"69":2,"70":0},"f":{"0":57,"1":601,"2":601,"3":43,"4":1,"5":0,"6":0,"7":0,"8":2,"9":1,"10":1},"b":{"0":[0],"1":[0,0],"2":[0,0],"3":[0,0],"4":[0,0],"5":[15,1,14,2,1,1,0,0,0,0,0,0,2,4,1,2,0],"6":[0],"7":[0,1],"8":[1,1],"9":[1,0],"10":[0]}}
,"/Users/emanuel.christo/Desktop/chat-app/src/utils/avatar.tsx": {"path":"/Users/emanuel.christo/Desktop/chat-app/src/utils/avatar.tsx","statementMap":{"0":{"start":{"line":1,"column":28},"end":{"line":12,"column":1}},"1":{"start":{"line":2,"column":18},"end":{"line":2,"column":20}},"2":{"start":{"line":4,"column":11},"end":{"line":4,"column":12}},"3":{"start":{"line":5,"column":1},"end":{"line":7,"column":null}},"4":{"start":{"line":5,"column":14},"end":{"line":5,"column":15}},"5":{"start":{"line":6,"column":2},"end":{"line":6,"column":null}},"6":{"start":{"line":9,"column":20},"end":{"line":9,"column":40}},"7":{"start":{"line":11,"column":1},"end":{"line":11,"column":null}},"8":{"start":{"line":1,"column":13},"end":{"line":1,"column":28}}},"fnMap":{"0":{"name":"(anonymous_0)","decl":{"start":{"line":1,"column":28},"end":{"line":1,"column":29}},"loc":{"start":{"line":1,"column":45},"end":{"line":12,"column":1}}}},"branchMap":{},"s":{"0":1,"1":15,"2":15,"3":15,"4":15,"5":334,"6":15,"7":15,"8":1},"f":{"0":15},"b":{}}
,"/Users/emanuel.christo/Desktop/chat-app/src/utils/format-date.tsx": {"path":"/Users/emanuel.christo/Desktop/chat-app/src/utils/format-date.tsx","statementMap":{"0":{"start":{"line":2,"column":13},"end":{"line":2,"column":23}},"1":{"start":{"line":3,"column":14},"end":{"line":3,"column":31}},"2":{"start":{"line":5,"column":19},"end":{"line":5,"column":61}},"3":{"start":{"line":6,"column":19},"end":{"line":6,"column":32}},"4":{"start":{"line":7,"column":1},"end":{"line":7,"column":null}},"5":{"start":{"line":8,"column":21},"end":{"line":8,"column":69}},"6":{"start":{"line":10,"column":20},"end":{"line":10,"column":115}},"7":{"start":{"line":11,"column":20},"end":{"line":11,"column":100}},"8":{"start":{"line":13,"column":1},"end":{"line":13,"column":null}},"9":{"start":{"line":16,"column":30},"end":{"line":28,"column":1}},"10":{"start":{"line":17,"column":1},"end":{"line":17,"column":null}},"11":{"start":{"line":17,"column":15},"end":{"line":17,"column":null}},"12":{"start":{"line":19,"column":60},"end":{"line":19,"column":78}},"13":{"start":{"line":21,"column":1},"end":{"line":27,"column":null}},"14":{"start":{"line":22,"column":2},"end":{"line":22,"column":null}},"15":{"start":{"line":23,"column":8},"end":{"line":27,"column":null}},"16":{"start":{"line":24,"column":2},"end":{"line":24,"column":null}},"17":{"start":{"line":26,"column":2},"end":{"line":26,"column":null}},"18":{"start":{"line":16,"column":13},"end":{"line":16,"column":30}},"19":{"start":{"line":30,"column":33},"end":{"line":44,"column":1}},"20":{"start":{"line":31,"column":1},"end":{"line":31,"column":null}},"21":{"start":{"line":31,"column":15},"end":{"line":31,"column":null}},"22":{"start":{"line":33,"column":60},"end":{"line":33,"column":78}},"23":{"start":{"line":36,"column":1},"end":{"line":42,"column":null}},"24":{"start":{"line":37,"column":2},"end":{"line":37,"column":null}},"25":{"start":{"line":38,"column":8},"end":{"line":42,"column":null}},"26":{"start":{"line":39,"column":2},"end":{"line":39,"column":null}},"27":{"start":{"line":41,"column":2},"end":{"line":41,"column":null}},"28":{"start":{"line":43,"column":1},"end":{"line":43,"column":null}},"29":{"start":{"line":30,"column":13},"end":{"line":30,"column":33}}},"fnMap":{"0":{"name":"parseDate","decl":{"start":{"line":1,"column":9},"end":{"line":1,"column":18}},"loc":{"start":{"line":1,"column":34},"end":{"line":14,"column":1}}},"1":{"name":"(anonymous_1)","decl":{"start":{"line":16,"column":30},"end":{"line":16,"column":31}},"loc":{"start":{"line":16,"column":65},"end":{"line":28,"column":1}}},"2":{"name":"(anonymous_2)","decl":{"start":{"line":30,"column":33},"end":{"line":30,"column":34}},"loc":{"start":{"line":30,"column":60},"end":{"line":44,"column":1}}}},"branchMap":{"0":{"loc":{"start":{"line":17,"column":1},"end":{"line":17,"column":null}},"type":"if","locations":[{"start":{"line":17,"column":1},"end":{"line":17,"column":null}}]},"1":{"loc":{"start":{"line":21,"column":1},"end":{"line":27,"column":null}},"type":"if","locations":[{"start":{"line":21,"column":1},"end":{"line":27,"column":null}},{"start":{"line":23,"column":8},"end":{"line":27,"column":null}}]},"2":{"loc":{"start":{"line":23,"column":8},"end":{"line":27,"column":null}},"type":"if","locations":[{"start":{"line":23,"column":8},"end":{"line":27,"column":null}},{"start":{"line":25,"column":8},"end":{"line":27,"column":null}}]},"3":{"loc":{"start":{"line":31,"column":1},"end":{"line":31,"column":null}},"type":"if","locations":[{"start":{"line":31,"column":1},"end":{"line":31,"column":null}}]},"4":{"loc":{"start":{"line":36,"column":1},"end":{"line":42,"column":null}},"type":"if","locations":[{"start":{"line":36,"column":1},"end":{"line":42,"column":null}},{"start":{"line":38,"column":8},"end":{"line":42,"column":null}}]},"5":{"loc":{"start":{"line":38,"column":8},"end":{"line":42,"column":null}},"type":"if","locations":[{"start":{"line":38,"column":8},"end":{"line":42,"column":null}},{"start":{"line":40,"column":8},"end":{"line":42,"column":null}}]}},"s":{"0":21,"1":21,"2":21,"3":21,"4":21,"5":21,"6":21,"7":21,"8":21,"9":2,"10":8,"11":1,"12":7,"13":7,"14":6,"15":1,"16":1,"17":0,"18":2,"19":2,"20":15,"21":1,"22":14,"23":14,"24":13,"25":1,"26":1,"27":0,"28":14,"29":2},"f":{"0":21,"1":8,"2":15},"b":{"0":[1],"1":[6,1],"2":[1,0],"3":[1],"4":[13,1],"5":[1,0]}}
,"/Users/emanuel.christo/Desktop/chat-app/src/utils/rand-string.tsx": {"path":"/Users/emanuel.christo/Desktop/chat-app/src/utils/rand-string.tsx","statementMap":{"0":{"start":{"line":2,"column":20},"end":{"line":2,"column":84}},"1":{"start":{"line":3,"column":14},"end":{"line":3,"column":16}},"2":{"start":{"line":4,"column":26},"end":{"line":4,"column":43}},"3":{"start":{"line":5,"column":1},"end":{"line":8,"column":null}},"4":{"start":{"line":5,"column":14},"end":{"line":5,"column":15}},"5":{"start":{"line":6,"column":22},"end":{"line":6,"column":66}},"6":{"start":{"line":7,"column":2},"end":{"line":7,"column":null}},"7":{"start":{"line":9,"column":1},"end":{"line":9,"column":null}},"8":{"start":{"line":1,"column":0},"end":{"line":1,"column":16}}},"fnMap":{"0":{"name":"getRandString","decl":{"start":{"line":1,"column":16},"end":{"line":1,"column":29}},"loc":{"start":{"line":1,"column":41},"end":{"line":10,"column":1}}}},"branchMap":{"0":{"loc":{"start":{"line":1,"column":30},"end":{"line":1,"column":41}},"type":"default-arg","locations":[{"start":{"line":1,"column":39},"end":{"line":1,"column":41}}]}},"s":{"0":32,"1":32,"2":32,"3":32,"4":32,"5":320,"6":320,"7":32,"8":1},"f":{"0":32},"b":{"0":[32]}}
}
