TN:
SF:src/App.tsx
FN:9,App
FNF:1
FNH:1
FNDA:15,App
DA:1,1
DA:2,1
DA:3,1
DA:4,1
DA:5,1
DA:6,1
DA:7,1
DA:9,1
DA:10,15
LF:9
LH:9
BRF:0
BRH:0
end_of_record
TN:
SF:src/components/ChatItem/index.tsx
FN:21,(anonymous_1)
FN:29,(anonymous_2)
FN:49,formatPreview
FN:57,(anonymous_4)
FN:80,(anonymous_5)
FN:81,(anonymous_6)
FNF:6
FNH:4
FNDA:30,(anonymous_1)
FNDA:18,(anonymous_2)
FNDA:12,formatPreview
FNDA:1,(anonymous_4)
FNDA:0,(anonymous_5)
FNDA:0,(anonymous_6)
DA:1,1
DA:2,1
DA:3,1
DA:5,1
DA:20,1
DA:22,30
DA:24,30
DA:25,30
DA:26,30
DA:27,30
DA:29,30
DA:30,18
DA:32,0
DA:33,0
DA:34,0
DA:35,0
DA:38,0
DA:39,0
DA:41,0
DA:43,0
DA:44,0
DA:45,0
DA:46,0
DA:50,12
DA:53,30
DA:57,1
DA:80,0
DA:81,0
LF:28
LH:15
BRDA:22,0,0,24
BRDA:30,1,0,18
BRDA:30,2,0,18
BRDA:30,2,1,0
BRDA:30,2,2,0
BRDA:30,2,3,0
BRDA:33,3,0,0
BRDA:43,4,0,0
BRDA:43,4,1,0
BRDA:46,5,0,0
BRDA:46,5,1,0
BRDA:55,6,0,24
BRDA:55,6,1,6
BRDA:56,7,0,6
BRDA:56,7,1,24
BRDA:62,8,0,30
BRDA:62,8,1,0
BRDA:64,9,0,30
BRDA:64,9,1,30
BRDA:69,10,0,30
BRDA:69,10,1,6
BRDA:70,11,0,30
BRDA:70,11,1,24
BRDA:71,12,0,0
BRDA:71,12,1,24
BRDA:76,13,0,30
BRDA:76,13,1,6
BRDA:76,13,2,6
BRDA:91,14,0,0
BRDA:91,14,1,6
BRDA:97,15,0,0
BRDA:97,15,1,6
BRF:32
BRH:20
end_of_record
TN:
SF:src/components/ChatsPane/index.tsx
FN:13,(anonymous_1)
FN:20,(anonymous_2)
FN:24,(anonymous_3)
FN:28,(anonymous_4)
FN:28,(anonymous_5)
FN:33,(anonymous_6)
FN:48,(anonymous_7)
FN:55,(anonymous_8)
FN:62,(anonymous_9)
FN:63,(anonymous_10)
FN:64,(anonymous_11)
FN:65,(anonymous_12)
FNF:12
FNH:12
FNDA:79,(anonymous_1)
FNDA:40,(anonymous_2)
FNDA:41,(anonymous_3)
FNDA:16,(anonymous_4)
FNDA:16,(anonymous_5)
FNDA:1,(anonymous_6)
FNDA:2,(anonymous_7)
FNDA:16,(anonymous_8)
FNDA:55,(anonymous_9)
FNDA:55,(anonymous_10)
FNDA:14,(anonymous_11)
FNDA:14,(anonymous_12)
DA:3,1
DA:4,1
DA:5,1
DA:7,1
DA:8,1
DA:9,1
DA:11,1
DA:13,1
DA:14,79
DA:15,79
DA:17,79
DA:18,79
DA:20,79
DA:21,40
DA:24,79
DA:25,41
DA:27,8
DA:28,16
DA:32,79
DA:33,1
DA:37,79
DA:48,2
DA:55,16
DA:63,55
DA:64,55
DA:65,55
DA:66,55
LF:27
LH:27
BRDA:25,0,0,33
BRDA:60,1,0,47
BRDA:60,1,1,32
BRDA:65,2,0,14
BRDA:65,2,1,14
BRDA:72,3,0,14
BRDA:72,3,1,41
BRDA:72,4,0,55
BRDA:72,4,1,55
BRDA:72,5,0,41
BRDA:72,5,1,14
BRDA:72,6,0,55
BRDA:72,6,1,55
BRDA:73,7,0,14
BRDA:73,7,1,41
BRDA:73,8,0,55
BRDA:73,8,1,55
BRDA:73,9,0,41
BRDA:73,9,1,14
BRDA:73,10,0,55
BRDA:73,10,1,55
BRF:21
BRH:21
end_of_record
TN:
SF:src/components/CreateChatDialog/index.tsx
FN:8,(anonymous_1)
FN:13,(anonymous_2)
FN:19,handleCancel
FN:23,handleOk
FN:44,(anonymous_5)
FN:49,(anonymous_6)
FNF:6
FNH:6
FNDA:291,(anonymous_1)
FNDA:47,(anonymous_2)
FNDA:1,handleCancel
FNDA:15,handleOk
FNDA:204,(anonymous_5)
FNDA:192,(anonymous_6)
DA:1,1
DA:2,1
DA:4,1
DA:6,1
DA:8,1
DA:9,291
DA:10,291
DA:11,291
DA:13,291
DA:14,47
DA:15,31
DA:20,1
DA:24,15
DA:27,291
DA:45,204
DA:46,12
DA:49,192
LF:17
LH:17
BRDA:14,0,0,31
BRDA:45,1,0,12
BRF:2
BRH:2
end_of_record
TN:
SF:src/components/DeleteChatDialog/index.tsx
FN:5,(anonymous_0)
FN:16,(anonymous_1)
FN:17,(anonymous_2)
FNF:3
FNH:3
FNDA:69,(anonymous_0)
FNDA:1,(anonymous_1)
FNDA:1,(anonymous_2)
DA:1,1
DA:3,1
DA:5,1
DA:6,69
DA:7,69
DA:9,69
DA:16,1
DA:17,1
LF:8
LH:8
BRF:0
BRH:0
end_of_record
TN:
SF:src/components/DeleteMessageDialog/index.tsx
FN:5,(anonymous_0)
FN:16,(anonymous_1)
FN:19,(anonymous_2)
FNF:3
FNH:3
FNDA:69,(anonymous_0)
FNDA:1,(anonymous_1)
FNDA:1,(anonymous_2)
DA:1,1
DA:3,1
DA:5,1
DA:6,69
DA:7,69
DA:9,69
DA:17,1
DA:20,1
LF:8
LH:8
BRF:0
BRH:0
end_of_record
TN:
SF:src/components/EditMessageDialog/index.tsx
FN:10,(anonymous_1)
FN:15,(anonymous_2)
FN:17,(anonymous_3)
FN:31,(anonymous_4)
FN:34,(anonymous_5)
FN:42,(anonymous_6)
FNF:6
FNH:6
FNDA:108,(anonymous_1)
FNDA:28,(anonymous_2)
FNDA:2,(anonymous_3)
FNDA:1,(anonymous_4)
FNDA:1,(anonymous_5)
FNDA:12,(anonymous_6)
DA:3,1
DA:4,1
DA:6,1
DA:8,1
DA:10,1
DA:11,108
DA:12,108
DA:13,108
DA:15,108
DA:16,28
DA:17,2
DA:18,2
DA:20,26
DA:24,108
DA:32,1
DA:35,1
DA:42,12
LF:17
LH:17
BRDA:16,0,0,2
BRDA:16,0,1,26
BRF:2
BRH:2
end_of_record
TN:
SF:src/components/MessageComposer/index.tsx
FN:5,(anonymous_1)
FN:17,(anonymous_2)
FN:24,(anonymous_3)
FNF:3
FNH:3
FNDA:554,(anonymous_1)
FNDA:505,(anonymous_2)
FNDA:6,(anonymous_3)
DA:1,2
DA:3,2
DA:5,2
DA:6,554
DA:8,554
DA:10,554
DA:18,505
DA:25,6
DA:26,6
LF:9
LH:9
BRDA:25,0,0,6
BRF:1
BRH:1
end_of_record
TN:
SF:src/components/MessageItem/index.tsx
FN:19,(anonymous_1)
FN:21,groupReactions
FN:33,(anonymous_3)
FN:42,(anonymous_4)
FN:51,handleMore
FN:56,formatText
FN:77,(anonymous_7)
FN:83,(anonymous_8)
FN:108,(anonymous_9)
FN:124,(anonymous_10)
FN:130,(anonymous_11)
FN:131,(anonymous_12)
FNF:12
FNH:12
FNDA:23,(anonymous_1)
FNDA:23,groupReactions
FNDA:2,(anonymous_3)
FNDA:6,(anonymous_4)
FNDA:1,handleMore
FNDA:23,formatText
FNDA:2,(anonymous_7)
FNDA:1,(anonymous_8)
FNDA:2,(anonymous_9)
FNDA:23,(anonymous_10)
FNDA:115,(anonymous_11)
FNDA:1,(anonymous_12)
DA:3,1
DA:4,1
DA:6,1
DA:17,1
DA:19,1
DA:22,23
DA:24,23
DA:25,2
DA:26,2
DA:28,0
DA:29,0
DA:33,23
DA:34,2
DA:38,23
DA:39,23
DA:40,23
DA:42,23
DA:43,6
DA:44,6
DA:45,1
DA:47,5
DA:52,1
DA:53,1
DA:57,23
DA:60,23
DA:78,2
DA:84,1
DA:85,1
DA:99,1
DA:108,1
DA:109,2
DA:124,1
DA:125,23
DA:127,23
DA:131,115
LF:35
LH:33
BRDA:25,0,0,2
BRDA:25,0,1,0
BRDA:29,1,0,0
BRDA:29,1,1,0
BRDA:44,2,0,1
BRDA:44,2,1,5
BRDA:61,3,0,23
BRDA:61,3,1,0
BRDA:65,4,0,23
BRDA:65,4,1,23
BRDA:69,5,0,23
BRDA:69,5,1,7
BRDA:75,6,0,23
BRDA:75,6,1,23
BRDA:84,7,0,1
BRDA:110,8,0,2
BRDA:110,8,1,0
BRDA:138,9,0,23
BRDA:138,9,1,23
BRF:19
BRH:14
end_of_record
TN:
SF:src/components/MessagesHeader/index.tsx
FN:10,(anonymous_1)
FNF:1
FNH:1
FNDA:46,(anonymous_1)
DA:1,1
DA:10,1
DA:11,46
LF:3
LH:3
BRDA:16,0,0,46
BRDA:16,0,1,0
BRDA:20,1,0,46
BRDA:20,1,1,46
BRF:4
BRH:3
end_of_record
TN:
SF:src/components/MessagesPane/index.tsx
FN:8,(anonymous_7)
FN:8,(anonymous_8)
FN:12,(anonymous_9)
FN:17,(anonymous_10)
FN:18,(anonymous_11)
FN:21,(anonymous_12)
FN:21,(anonymous_13)
FN:29,(anonymous_14)
FN:48,(anonymous_15)
FN:52,(anonymous_16)
FN:57,(anonymous_17)
FN:60,(anonymous_18)
FN:61,(anonymous_19)
FN:72,(anonymous_20)
FN:77,(anonymous_21)
FNF:15
FNH:15
FNDA:1,(anonymous_7)
FNDA:1,(anonymous_8)
FNDA:94,(anonymous_9)
FNDA:47,(anonymous_10)
FNDA:46,(anonymous_11)
FNDA:41,(anonymous_12)
FNDA:8,(anonymous_13)
FNDA:25,(anonymous_14)
FNDA:2,(anonymous_15)
FNDA:22,(anonymous_16)
FNDA:2,(anonymous_17)
FNDA:2,(anonymous_18)
FNDA:2,(anonymous_19)
FNDA:5,(anonymous_20)
FNDA:48,(anonymous_21)
DA:3,1
DA:4,1
DA:6,1
DA:7,1
DA:8,2
DA:10,1
DA:12,1
DA:13,94
DA:14,94
DA:16,94
DA:17,94
DA:18,94
DA:20,94
DA:21,41
DA:25,94
DA:26,94
DA:29,94
DA:30,25
DA:31,25
DA:33,25
DA:34,5
DA:37,25
DA:40,94
DA:42,46
DA:48,2
DA:53,22
DA:58,2
DA:60,2
DA:61,2
DA:72,5
DA:77,1
DA:78,48
LF:32
LH:32
BRDA:18,0,0,48
BRDA:18,0,1,46
BRDA:18,1,0,94
BRDA:18,1,1,94
BRDA:30,2,0,4
BRDA:30,2,1,21
BRDA:31,3,0,8
BRDA:31,3,1,17
BRDA:33,4,0,5
BRDA:33,5,0,25
BRDA:33,5,1,8
BRDA:40,6,0,48
BRDA:40,6,1,46
BRDA:50,7,0,22
BRDA:50,7,1,24
BRF:15
BRH:15
end_of_record
TN:
SF:src/components/ModalDialog/index.tsx
FN:16,(anonymous_1)
FN:28,(anonymous_2)
FNF:2
FNH:2
FNDA:500,(anonymous_1)
FNDA:27,(anonymous_2)
DA:3,1
DA:16,1
DA:26,500
DA:28,27
LF:4
LH:4
BRDA:19,0,0,0
BRDA:20,1,0,0
BRDA:27,2,0,272
BRDA:27,2,1,228
BRDA:39,3,0,138
BRDA:39,3,1,362
BRF:6
BRH:4
end_of_record
TN:
SF:src/components/SearchBox/index.tsx
FN:3,(anonymous_1)
FN:24,(anonymous_2)
FN:32,(anonymous_3)
FNF:3
FNH:3
FNDA:79,(anonymous_1)
FNDA:9,(anonymous_2)
FNDA:1,(anonymous_3)
DA:1,1
DA:3,1
DA:4,79
DA:24,9
DA:32,1
LF:5
LH:5
BRF:0
BRH:0
end_of_record
TN:
SF:src/components/ViewMode/index.tsx
FN:5,(anonymous_1)
FN:16,(anonymous_2)
FN:22,(anonymous_3)
FNF:3
FNH:3
FNDA:79,(anonymous_1)
FNDA:1,(anonymous_2)
FNDA:1,(anonymous_3)
DA:3,1
DA:5,1
DA:12,79
DA:16,1
DA:22,1
LF:5
LH:5
BRDA:15,0,0,78
BRDA:15,0,1,1
BRDA:21,1,0,1
BRDA:21,1,1,78
BRF:4
BRH:4
end_of_record
TN:
SF:src/contexts/AppStateContext.tsx
FN:39,(anonymous_0)
FN:49,(anonymous_1)
FN:53,(anonymous_2)
FN:57,(anonymous_3)
FN:91,(anonymous_4)
FN:92,(anonymous_5)
FN:109,(anonymous_6)
FN:119,(anonymous_7)
FN:125,(anonymous_8)
FN:126,(anonymous_9)
FN:132,(anonymous_10)
FNF:11
FNH:10
FNDA:69,(anonymous_0)
FNDA:710,(anonymous_1)
FNDA:710,(anonymous_2)
FNDA:54,(anonymous_3)
FNDA:1,(anonymous_4)
FNDA:0,(anonymous_5)
FNDA:1,(anonymous_6)
FNDA:1,(anonymous_7)
FNDA:2,(anonymous_8)
FNDA:1,(anonymous_9)
FNDA:1,(anonymous_10)
DA:4,1
DA:5,1
DA:6,1
DA:8,1
DA:9,1
DA:16,1
DA:29,1
DA:30,1
DA:31,0
DA:32,0
DA:33,0
DA:36,1
DA:37,1
DA:39,1
DA:40,69
DA:42,69
DA:49,1
DA:50,710
DA:53,1
DA:54,710
DA:57,1
DA:58,54
DA:60,16
DA:63,1
DA:66,15
DA:68,15
DA:69,15
DA:76,15
DA:82,15
DA:85,2
DA:88,1
DA:91,1
DA:92,1
DA:93,1
DA:94,1
DA:103,2
DA:106,1
DA:109,1
DA:110,1
DA:113,2
DA:116,1
DA:119,1
DA:120,1
DA:121,1
DA:124,2
DA:125,2
DA:126,2
DA:129,2
DA:131,1
DA:132,1
DA:135,0
DA:139,1
DA:142,2
DA:145,5
DA:147,5
DA:157,5
DA:160,1
DA:163,2
DA:166,0
LF:59
LH:54
BRDA:30,0,0,0
BRDA:32,1,0,0
BRDA:32,1,1,0
BRDA:32,2,0,0
BRDA:32,2,1,0
BRDA:33,3,0,0
BRDA:33,3,1,0
BRDA:33,4,0,0
BRDA:33,4,1,0
BRDA:58,5,0,16
BRDA:58,5,1,1
BRDA:58,5,2,15
BRDA:58,5,3,2
BRDA:58,5,4,1
BRDA:58,5,5,1
BRDA:58,5,6,2
BRDA:58,5,7,1
BRDA:58,5,8,1
BRDA:58,5,9,2
BRDA:58,5,10,1
BRDA:58,5,11,1
BRDA:58,5,12,2
BRDA:58,5,13,5
BRDA:58,5,14,1
BRDA:58,5,15,2
BRDA:58,5,16,0
BRDA:66,6,0,0
BRDA:93,7,0,0
BRDA:93,7,1,1
BRDA:129,8,0,1
BRDA:129,8,1,1
BRDA:131,9,0,1
BRDA:131,9,1,0
BRDA:145,10,0,0
BRF:34
BRH:20
end_of_record
TN:
SF:src/utils/avatar.tsx
FN:1,(anonymous_0)
FNF:1
FNH:1
FNDA:16,(anonymous_0)
DA:1,1
DA:2,16
DA:4,16
DA:5,16
DA:6,356
DA:9,16
DA:11,16
LF:7
LH:7
BRF:0
BRH:0
end_of_record
TN:
SF:src/utils/format-date.tsx
FN:1,parseDate
FN:16,(anonymous_1)
FN:30,(anonymous_2)
FNF:3
FNH:3
FNDA:31,parseDate
FNDA:8,(anonymous_1)
FNDA:25,(anonymous_2)
DA:2,31
DA:3,31
DA:5,31
DA:6,31
DA:7,31
DA:8,31
DA:10,31
DA:11,31
DA:13,31
DA:16,2
DA:17,8
DA:19,7
DA:21,7
DA:22,6
DA:23,1
DA:24,1
DA:26,0
DA:30,2
DA:31,25
DA:33,24
DA:36,24
DA:37,23
DA:38,1
DA:39,1
DA:41,0
DA:43,24
LF:26
LH:24
BRDA:17,0,0,1
BRDA:21,1,0,6
BRDA:21,1,1,1
BRDA:23,2,0,1
BRDA:23,2,1,0
BRDA:31,3,0,1
BRDA:36,4,0,23
BRDA:36,4,1,1
BRDA:38,5,0,1
BRDA:38,5,1,0
BRF:10
BRH:8
end_of_record
TN:
SF:src/utils/rand-string.tsx
FN:1,getRandString
FNF:1
FNH:1
FNDA:35,getRandString
DA:1,1
DA:2,35
DA:3,35
DA:4,35
DA:5,35
DA:6,350
DA:7,350
DA:9,35
LF:8
LH:8
BRDA:1,0,0,35
BRF:1
BRH:1
end_of_record
