TN:
SF:src/App.tsx
FN:9,App
FNF:1
FNH:1
FNDA:14,App
DA:1,1
DA:2,1
DA:3,1
DA:4,1
DA:5,1
DA:6,1
DA:7,1
DA:9,1
DA:10,14
LF:9
LH:9
BRF:0
BRH:0
end_of_record
TN:
SF:src/components/ChatItem/index.tsx
FN:21,(anonymous_1)
FN:29,(anonymous_2)
FN:49,formatPreview
FN:57,(anonymous_4)
FN:80,(anonymous_5)
FN:81,(anonymous_6)
FNF:6
FNH:5
FNDA:28,(anonymous_1)
FNDA:19,(anonymous_2)
FNDA:12,formatPreview
FNDA:1,(anonymous_4)
FNDA:1,(anonymous_5)
FNDA:0,(anonymous_6)
DA:1,1
DA:2,1
DA:3,1
DA:5,1
DA:20,1
DA:22,28
DA:24,28
DA:25,28
DA:26,28
DA:27,28
DA:29,28
DA:30,19
DA:32,1
DA:33,1
DA:34,1
DA:35,1
DA:38,0
DA:39,0
DA:41,0
DA:43,0
DA:44,0
DA:45,0
DA:46,0
DA:50,12
DA:53,28
DA:57,1
DA:80,1
DA:81,0
LF:28
LH:20
BRDA:22,0,0,22
BRDA:30,1,0,18
BRDA:30,2,0,19
BRDA:30,2,1,2
BRDA:30,2,2,2
BRDA:30,2,3,2
BRDA:33,3,0,1
BRDA:43,4,0,0
BRDA:43,4,1,0
BRDA:46,5,0,0
BRDA:46,5,1,0
BRDA:55,6,0,22
BRDA:55,6,1,6
BRDA:56,7,0,6
BRDA:56,7,1,22
BRDA:62,8,0,28
BRDA:62,8,1,0
BRDA:64,9,0,28
BRDA:64,9,1,28
BRDA:69,10,0,28
BRDA:69,10,1,6
BRDA:70,11,0,28
BRDA:70,11,1,22
BRDA:71,12,0,0
BRDA:71,12,1,22
BRDA:76,13,0,28
BRDA:76,13,1,6
BRDA:76,13,2,6
BRDA:91,14,0,1
BRDA:91,14,1,5
BRDA:97,15,0,0
BRDA:97,15,1,6
BRF:32
BRH:25
end_of_record
TN:
SF:src/components/ChatsPane/index.tsx
FN:13,(anonymous_1)
FN:20,(anonymous_2)
FN:24,(anonymous_3)
FN:28,(anonymous_4)
FN:28,(anonymous_5)
FN:33,(anonymous_6)
FN:48,(anonymous_7)
FN:55,(anonymous_8)
FN:62,(anonymous_9)
FN:63,(anonymous_10)
FN:64,(anonymous_11)
FN:65,(anonymous_12)
FNF:12
FNH:12
FNDA:67,(anonymous_1)
FNDA:35,(anonymous_2)
FNDA:39,(anonymous_3)
FNDA:16,(anonymous_4)
FNDA:16,(anonymous_5)
FNDA:1,(anonymous_6)
FNDA:2,(anonymous_7)
FNDA:15,(anonymous_8)
FNDA:45,(anonymous_9)
FNDA:45,(anonymous_10)
FNDA:6,(anonymous_11)
FNDA:6,(anonymous_12)
DA:3,1
DA:4,1
DA:5,1
DA:7,1
DA:8,1
DA:9,1
DA:11,1
DA:13,1
DA:14,67
DA:15,67
DA:17,67
DA:18,67
DA:20,67
DA:21,35
DA:24,67
DA:25,39
DA:27,8
DA:28,16
DA:32,67
DA:33,1
DA:37,67
DA:48,2
DA:55,15
DA:63,45
DA:64,45
DA:65,45
DA:66,45
LF:27
LH:27
BRDA:25,0,0,31
BRDA:60,1,0,37
BRDA:60,1,1,30
BRDA:65,2,0,6
BRDA:65,2,1,6
BRDA:72,3,0,6
BRDA:72,3,1,39
BRDA:72,4,0,45
BRDA:72,4,1,45
BRDA:72,5,0,39
BRDA:72,5,1,6
BRDA:72,6,0,45
BRDA:72,6,1,45
BRDA:73,7,0,6
BRDA:73,7,1,39
BRDA:73,8,0,45
BRDA:73,8,1,45
BRDA:73,9,0,39
BRDA:73,9,1,6
BRDA:73,10,0,45
BRDA:73,10,1,45
BRF:21
BRH:21
end_of_record
TN:
SF:src/components/CreateChatDialog/index.tsx
FN:8,(anonymous_1)
FN:13,(anonymous_2)
FN:19,handleCancel
FN:23,handleOk
FN:44,(anonymous_5)
FN:49,(anonymous_6)
FNF:6
FNH:6
FNDA:265,(anonymous_1)
FNDA:44,(anonymous_2)
FNDA:1,handleCancel
FNDA:14,handleOk
FNDA:191,(anonymous_5)
FNDA:180,(anonymous_6)
DA:1,1
DA:2,1
DA:4,1
DA:6,1
DA:8,1
DA:9,265
DA:10,265
DA:11,265
DA:13,265
DA:14,44
DA:15,29
DA:20,1
DA:24,14
DA:27,265
DA:45,191
DA:46,11
DA:49,180
LF:17
LH:17
BRDA:14,0,0,29
BRDA:45,1,0,11
BRF:2
BRH:2
end_of_record
TN:
SF:src/components/DeleteChatDialog/index.tsx
FN:5,(anonymous_0)
FN:16,(anonymous_1)
FN:17,(anonymous_2)
FNF:3
FNH:3
FNDA:57,(anonymous_0)
FNDA:1,(anonymous_1)
FNDA:1,(anonymous_2)
DA:1,1
DA:3,1
DA:5,1
DA:6,57
DA:7,57
DA:9,57
DA:16,1
DA:17,1
LF:8
LH:8
BRF:0
BRH:0
end_of_record
TN:
SF:src/components/DeleteMessageDialog/index.tsx
FN:5,(anonymous_0)
FN:16,(anonymous_1)
FN:19,(anonymous_2)
FNF:3
FNH:1
FNDA:57,(anonymous_0)
FNDA:0,(anonymous_1)
FNDA:0,(anonymous_2)
DA:1,1
DA:3,1
DA:5,1
DA:6,57
DA:7,57
DA:9,57
DA:17,0
DA:20,0
LF:8
LH:6
BRF:0
BRH:0
end_of_record
TN:
SF:src/components/EditMessageDialog/index.tsx
FN:10,(anonymous_1)
FN:15,(anonymous_2)
FN:17,(anonymous_3)
FN:31,(anonymous_4)
FN:34,(anonymous_5)
FN:41,(anonymous_6)
FNF:6
FNH:2
FNDA:77,(anonymous_1)
FNDA:21,(anonymous_2)
FNDA:0,(anonymous_3)
FNDA:0,(anonymous_4)
FNDA:0,(anonymous_5)
FNDA:0,(anonymous_6)
DA:3,1
DA:4,1
DA:6,1
DA:8,1
DA:10,1
DA:11,77
DA:12,77
DA:13,77
DA:15,77
DA:16,21
DA:17,0
DA:18,0
DA:20,21
DA:24,77
DA:32,0
DA:35,0
DA:41,0
LF:17
LH:12
BRDA:16,0,0,0
BRDA:16,0,1,21
BRF:2
BRH:1
end_of_record
TN:
SF:src/components/MessageComposer/index.tsx
FN:5,(anonymous_1)
FN:17,(anonymous_2)
FN:24,(anonymous_3)
FNF:3
FNH:3
FNDA:962,(anonymous_1)
FNDA:926,(anonymous_2)
FNDA:5,(anonymous_3)
DA:1,2
DA:3,2
DA:5,2
DA:6,962
DA:8,962
DA:10,962
DA:18,926
DA:25,5
DA:26,5
LF:9
LH:9
BRDA:25,0,0,5
BRF:1
BRH:1
end_of_record
TN:
SF:src/components/MessageItem/index.tsx
FN:19,(anonymous_1)
FN:21,groupReactions
FN:33,(anonymous_3)
FN:42,(anonymous_4)
FN:50,handleMore
FN:55,formatText
FN:76,(anonymous_7)
FN:82,(anonymous_8)
FN:107,(anonymous_9)
FN:123,(anonymous_10)
FN:129,(anonymous_11)
FN:130,(anonymous_12)
FNF:12
FNH:12
FNDA:13,(anonymous_1)
FNDA:13,groupReactions
FNDA:2,(anonymous_3)
FNDA:6,(anonymous_4)
FNDA:1,handleMore
FNDA:13,formatText
FNDA:2,(anonymous_7)
FNDA:1,(anonymous_8)
FNDA:2,(anonymous_9)
FNDA:13,(anonymous_10)
FNDA:65,(anonymous_11)
FNDA:1,(anonymous_12)
DA:3,1
DA:4,1
DA:6,1
DA:17,1
DA:19,1
DA:22,13
DA:24,13
DA:25,2
DA:26,2
DA:28,0
DA:29,0
DA:33,13
DA:34,2
DA:38,13
DA:39,13
DA:40,13
DA:42,13
DA:43,6
DA:44,2
DA:46,4
DA:51,1
DA:52,1
DA:56,13
DA:59,13
DA:77,2
DA:83,1
DA:84,1
DA:98,1
DA:107,1
DA:108,2
DA:123,1
DA:124,13
DA:126,13
DA:130,65
LF:34
LH:32
BRDA:25,0,0,2
BRDA:25,0,1,0
BRDA:29,1,0,0
BRDA:29,1,1,0
BRDA:43,2,0,2
BRDA:43,2,1,4
BRDA:60,3,0,13
BRDA:60,3,1,0
BRDA:64,4,0,13
BRDA:64,4,1,13
BRDA:68,5,0,13
BRDA:68,5,1,6
BRDA:74,6,0,13
BRDA:74,6,1,13
BRDA:83,7,0,1
BRDA:109,8,0,2
BRDA:109,8,1,0
BRDA:137,9,0,13
BRDA:137,9,1,13
BRF:19
BRH:14
end_of_record
TN:
SF:src/components/MessagesHeader/index.tsx
FN:10,(anonymous_1)
FNF:1
FNH:1
FNDA:33,(anonymous_1)
DA:1,1
DA:10,1
DA:11,33
LF:3
LH:3
BRDA:16,0,0,33
BRDA:16,0,1,0
BRDA:20,1,0,33
BRDA:20,1,1,33
BRF:4
BRH:3
end_of_record
TN:
SF:src/components/MessagesPane/index.tsx
FN:8,(anonymous_7)
FN:8,(anonymous_8)
FN:12,(anonymous_9)
FN:17,(anonymous_10)
FN:18,(anonymous_11)
FN:21,(anonymous_12)
FN:21,(anonymous_13)
FN:29,(anonymous_14)
FN:48,(anonymous_15)
FN:52,(anonymous_16)
FN:57,(anonymous_17)
FN:60,(anonymous_18)
FN:61,(anonymous_19)
FN:72,(anonymous_20)
FN:77,(anonymous_21)
FNF:15
FNH:13
FNDA:1,(anonymous_7)
FNDA:1,(anonymous_8)
FNDA:78,(anonymous_9)
FNDA:34,(anonymous_10)
FNDA:33,(anonymous_11)
FNDA:36,(anonymous_12)
FNDA:6,(anonymous_13)
FNDA:21,(anonymous_14)
FNDA:2,(anonymous_15)
FNDA:12,(anonymous_16)
FNDA:2,(anonymous_17)
FNDA:0,(anonymous_18)
FNDA:0,(anonymous_19)
FNDA:4,(anonymous_20)
FNDA:45,(anonymous_21)
DA:3,1
DA:4,1
DA:6,1
DA:7,1
DA:8,2
DA:10,1
DA:12,1
DA:13,78
DA:14,78
DA:16,78
DA:17,78
DA:18,78
DA:20,78
DA:21,36
DA:25,78
DA:26,78
DA:29,78
DA:30,21
DA:31,21
DA:33,21
DA:34,4
DA:37,21
DA:40,78
DA:42,33
DA:48,2
DA:53,12
DA:58,2
DA:60,0
DA:61,0
DA:72,4
DA:77,1
DA:78,45
LF:32
LH:30
BRDA:18,0,0,45
BRDA:18,0,1,33
BRDA:18,1,0,78
BRDA:18,1,1,78
BRDA:30,2,0,2
BRDA:30,2,1,19
BRDA:31,3,0,6
BRDA:31,3,1,15
BRDA:33,4,0,4
BRDA:33,5,0,21
BRDA:33,5,1,6
BRDA:40,6,0,45
BRDA:40,6,1,33
BRDA:50,7,0,12
BRDA:50,7,1,21
BRF:15
BRH:15
end_of_record
TN:
SF:src/components/ModalDialog/index.tsx
FN:16,(anonymous_1)
FN:28,(anonymous_2)
FNF:2
FNH:2
FNDA:423,(anonymous_1)
FNDA:21,(anonymous_2)
DA:3,1
DA:16,1
DA:26,423
DA:28,21
LF:4
LH:4
BRDA:19,0,0,0
BRDA:20,1,0,0
BRDA:27,2,0,226
BRDA:27,2,1,197
BRDA:39,3,0,114
BRDA:39,3,1,309
BRF:6
BRH:4
end_of_record
TN:
SF:src/components/SearchBox/index.tsx
FN:3,(anonymous_1)
FN:24,(anonymous_2)
FN:32,(anonymous_3)
FNF:3
FNH:3
FNDA:67,(anonymous_1)
FNDA:9,(anonymous_2)
FNDA:1,(anonymous_3)
DA:1,1
DA:3,1
DA:4,67
DA:24,9
DA:32,1
LF:5
LH:5
BRF:0
BRH:0
end_of_record
TN:
SF:src/components/ViewMode/index.tsx
FN:5,(anonymous_1)
FN:16,(anonymous_2)
FN:22,(anonymous_3)
FNF:3
FNH:3
FNDA:67,(anonymous_1)
FNDA:1,(anonymous_2)
FNDA:1,(anonymous_3)
DA:3,1
DA:5,1
DA:12,67
DA:16,1
DA:22,1
LF:5
LH:5
BRDA:15,0,0,66
BRDA:15,0,1,1
BRDA:21,1,0,1
BRDA:21,1,1,66
BRF:4
BRH:4
end_of_record
TN:
SF:src/contexts/AppStateContext.tsx
FN:39,(anonymous_0)
FN:49,(anonymous_1)
FN:53,(anonymous_2)
FN:57,(anonymous_3)
FN:91,(anonymous_4)
FN:92,(anonymous_5)
FN:109,(anonymous_6)
FN:119,(anonymous_7)
FN:125,(anonymous_8)
FN:126,(anonymous_9)
FN:132,(anonymous_10)
FNF:11
FNH:8
FNDA:57,(anonymous_0)
FNDA:601,(anonymous_1)
FNDA:601,(anonymous_2)
FNDA:43,(anonymous_3)
FNDA:1,(anonymous_4)
FNDA:0,(anonymous_5)
FNDA:0,(anonymous_6)
FNDA:0,(anonymous_7)
FNDA:2,(anonymous_8)
FNDA:1,(anonymous_9)
FNDA:1,(anonymous_10)
DA:4,1
DA:5,1
DA:6,1
DA:8,1
DA:9,1
DA:16,1
DA:29,1
DA:30,1
DA:31,0
DA:32,0
DA:33,0
DA:36,1
DA:37,1
DA:39,1
DA:40,57
DA:42,57
DA:49,1
DA:50,601
DA:53,1
DA:54,601
DA:57,1
DA:58,43
DA:60,15
DA:63,1
DA:66,14
DA:68,14
DA:69,14
DA:76,14
DA:82,14
DA:85,2
DA:88,1
DA:91,1
DA:92,1
DA:93,1
DA:94,1
DA:103,0
DA:106,0
DA:109,0
DA:110,0
DA:113,0
DA:116,0
DA:119,0
DA:120,0
DA:121,0
DA:124,2
DA:125,2
DA:126,2
DA:129,2
DA:131,1
DA:132,1
DA:135,0
DA:139,1
DA:142,2
DA:145,4
DA:147,4
DA:157,4
DA:160,1
DA:163,2
DA:166,0
LF:59
LH:45
BRDA:30,0,0,0
BRDA:32,1,0,0
BRDA:32,1,1,0
BRDA:32,2,0,0
BRDA:32,2,1,0
BRDA:33,3,0,0
BRDA:33,3,1,0
BRDA:33,4,0,0
BRDA:33,4,1,0
BRDA:58,5,0,15
BRDA:58,5,1,1
BRDA:58,5,2,14
BRDA:58,5,3,2
BRDA:58,5,4,1
BRDA:58,5,5,1
BRDA:58,5,6,0
BRDA:58,5,7,0
BRDA:58,5,8,0
BRDA:58,5,9,0
BRDA:58,5,10,0
BRDA:58,5,11,0
BRDA:58,5,12,2
BRDA:58,5,13,4
BRDA:58,5,14,1
BRDA:58,5,15,2
BRDA:58,5,16,0
BRDA:66,6,0,0
BRDA:93,7,0,0
BRDA:93,7,1,1
BRDA:129,8,0,1
BRDA:129,8,1,1
BRDA:131,9,0,1
BRDA:131,9,1,0
BRDA:145,10,0,0
BRF:34
BRH:14
end_of_record
TN:
SF:src/utils/avatar.tsx
FN:1,(anonymous_0)
FNF:1
FNH:1
FNDA:15,(anonymous_0)
DA:1,1
DA:2,15
DA:4,15
DA:5,15
DA:6,334
DA:9,15
DA:11,15
LF:7
LH:7
BRF:0
BRH:0
end_of_record
TN:
SF:src/utils/format-date.tsx
FN:1,parseDate
FN:16,(anonymous_1)
FN:30,(anonymous_2)
FNF:3
FNH:3
FNDA:21,parseDate
FNDA:8,(anonymous_1)
FNDA:15,(anonymous_2)
DA:2,21
DA:3,21
DA:5,21
DA:6,21
DA:7,21
DA:8,21
DA:10,21
DA:11,21
DA:13,21
DA:16,2
DA:17,8
DA:19,7
DA:21,7
DA:22,6
DA:23,1
DA:24,1
DA:26,0
DA:30,2
DA:31,15
DA:33,14
DA:36,14
DA:37,13
DA:38,1
DA:39,1
DA:41,0
DA:43,14
LF:26
LH:24
BRDA:17,0,0,1
BRDA:21,1,0,6
BRDA:21,1,1,1
BRDA:23,2,0,1
BRDA:23,2,1,0
BRDA:31,3,0,1
BRDA:36,4,0,13
BRDA:36,4,1,1
BRDA:38,5,0,1
BRDA:38,5,1,0
BRF:10
BRH:8
end_of_record
TN:
SF:src/utils/rand-string.tsx
FN:1,getRandString
FNF:1
FNH:1
FNDA:32,getRandString
DA:1,1
DA:2,32
DA:3,32
DA:4,32
DA:5,32
DA:6,320
DA:7,320
DA:9,32
LF:8
LH:8
BRDA:1,0,0,32
BRF:1
BRH:1
end_of_record
